This works!
Biopyhton exact matches!
60 TGATAG
160 AGATAA
4101 TGATAA
5215 TGATAA
5336 AGATAG
5349 TGATAA
5891 TGATAA
6634 AGATAA
8044 TGATAA
9112 AGATAA
9994 AGATAG
11840 TGATAA
12449 TGATAA
13508 TGATAA
13628 AGATAA
16129 TGATAG
19650 AGATAG
19814 TGATAG
19832 AGATAA
20416 AGATAG
20489 TGATAG
20682 AGATAG
28918 TGATAA
31184 TGATAA
31481 TGATAA
34372 TGATAG
36334 AGATAA
36934 AGATAA
37595 AGATAA
37702 AGATAA
38991 AGATAA
39203 TGATAA
39940 AGATAA
41228 TGATAG
41341 AGATAG
44032 AGATAA
45288 TGATAA
45554 TGATAA
50693 TGATAA
51639 AGATAG
52164 TGATAA
52887 TGATAG
54287 AGATAA
55733 TGATAA
56234 AGATAG
56946 TGATAG
57249 TGATAA
57325 AGATAG
57461 TGATAA
58150 TGATAA
58619 AGATAA
61303 AGATAG
61426 AGATAA
61840 TGATAA
63522 AGATAG
64153 AGATAA
65419 TGATAA
65436 AGATAG
65758 AGATAA
65891 AGATAG
66296 TGATAG
66613 TGATAA
66698 TGATAA
66783 AGATAA
67324 TGATAG
68396 AGATAG
68429 TGATAG
71643 TGATAA
72116 AGATAG
73037 AGATAA
73826 TGATAG
73911 AGATAA
74366 AGATAG
74755 AGATAG
74815 TGATAA
75013 TGATAA
76070 TGATAA
79434 TGATAA
82228 TGATAG
82931 AGATAA
83159 AGATAG
84288 TGATAA
85056 AGATAA
85948 TGATAG
89136 TGATAA
90674 AGATAA
90745 AGATAG
95872 TGATAA
99860 TGATAG
102237 TGATAA
106546 AGATAA
107652 TGATAA
111436 AGATAA
111529 TGATAA
112024 TGATAA
113383 TGATAG
115150 AGATAG
115347 TGATAG
116082 TGATAG
117058 TGATAA
117457 TGATAA
117810 AGATAA
118656 AGATAG
119582 TGATAG
120217 AGATAG
120824 AGATAA
120920 TGATAA
121073 TGATAA
122996 AGATAG
123000 AGATAA
125652 AGATAA
127889 AGATAA
129857 TGATAA
130142 TGATAG
130304 TGATAA
130454 AGATAA
134112 AGATAA
134956 TGATAG
135805 TGATAA
135995 AGATAA
136273 TGATAG
136277 AGATAA
136940 AGATAA
138011 TGATAA
139972 AGATAG
140201 TGATAA
140413 TGATAA
140744 AGATAG
142321 TGATAA
142384 AGATAA
142742 AGATAA
147845 TGATAA
148217 AGATAA
149610 TGATAA
150940 AGATAG
151355 TGATAG
151381 TGATAA
152246 TGATAG
152758 TGATAA
152898 TGATAA
153222 TGATAA
153699 AGATAA
153849 AGATAA
154248 AGATAG
154567 TGATAG
155397 TGATAA
156211 TGATAG
156302 TGATAA
156468 TGATAG
158101 TGATAG
158630 TGATAG
159595 TGATAA
160957 AGATAA
163954 TGATAA
164266 AGATAA
166903 TGATAA
168253 TGATAA
169039 TGATAA
173776 TGATAG
174001 TGATAG
174751 AGATAA
175321 TGATAA
176546 AGATAA
176686 AGATAA
178860 TGATAA
179074 TGATAG
180294 TGATAA
181281 TGATAA
184240 TGATAA
186491 AGATAA
186513 AGATAA
186881 AGATAG
189318 TGATAG
189496 AGATAG
190606 TGATAA
190702 AGATAA
193302 AGATAA
195413 AGATAG
196467 TGATAG
196700 TGATAA
197156 TGATAA
198673 AGATAA
201662 TGATAA
202564 TGATAA
203874 AGATAA
206180 AGATAA
206747 TGATAA
206900 TGATAA
210052 TGATAA
214179 AGATAA
214784 TGATAA
218374 TGATAG
218432 TGATAA
220176 TGATAA
220324 TGATAA
221088 TGATAG
221164 TGATAG
221410 AGATAA
224934 TGATAA
225413 TGATAA
226557 AGATAG
228493 AGATAA
228590 TGATAG
228740 TGATAA
229230 TGATAA
229282 TGATAA
229891 AGATAA
231650 AGATAG
231912 TGATAA
232343 TGATAG
232350 TGATAA
232365 AGATAA
233683 AGATAG
234272 TGATAA
234414 AGATAA
236527 AGATAA
237711 AGATAA
238365 TGATAA
238862 TGATAA
240265 TGATAA
241252 AGATAA
241573 TGATAG
242626 AGATAG
243227 TGATAA
243247 TGATAG
245818 TGATAA
246127 TGATAA
246952 AGATAA
247133 TGATAA
247303 AGATAG
249364 TGATAG
250610 AGATAA
252638 AGATAA
254356 TGATAG
254469 TGATAG
254865 TGATAG
255633 TGATAG
255692 AGATAA
255951 AGATAA
257820 AGATAG
257914 AGATAA
258593 AGATAA
261253 TGATAA
262292 TGATAG
262454 AGATAA
262627 AGATAA
263142 AGATAA
263458 TGATAA
264778 TGATAA
265052 TGATAG
265120 TGATAG
267727 TGATAA
267774 TGATAA
270943 AGATAA
272071 TGATAA
272152 TGATAA
275970 TGATAA
276905 TGATAA
277025 AGATAA
277253 TGATAG
278405 TGATAG
278423 AGATAA
279007 AGATAG
279080 TGATAG
279293 AGATAA
280488 TGATAA
284402 AGATAA
287907 TGATAG
288841 AGATAA
289876 TGATAG
289894 AGATAA
290478 AGATAG
290551 TGATAG
291843 TGATAG
292721 AGATAA
294497 TGATAA
294754 TGATAG
295430 AGATAG
295598 TGATAA
295880 AGATAG
296689 AGATAG
297207 AGATAA
299251 AGATAG
299455 AGATAA
299832 TGATAG
300527 TGATAA
301343 TGATAA
302823 AGATAA
302838 TGATAA
302906 AGATAG
303785 AGATAG
304118 TGATAG
304879 AGATAA
304909 TGATAA
305347 TGATAA
305802 TGATAG
306463 AGATAG
306994 TGATAG
307972 AGATAG
308318 AGATAA
309045 AGATAA
309096 TGATAA
309621 TGATAA
310344 AGATAA
310367 TGATAA
310405 AGATAA
310440 AGATAG
310785 TGATAA
311438 AGATAA
311913 TGATAG
312906 TGATAG
313771 TGATAA
313840 AGATAG
314392 AGATAA
316676 AGATAA
317752 AGATAA
318918 TGATAA
320330 AGATAA
324206 TGATAA
324535 AGATAA
324616 AGATAA
324934 TGATAA
325857 AGATAG
325932 TGATAA
326055 TGATAG
327993 TGATAA
329410 TGATAA
330834 AGATAA
331459 AGATAA
331471 TGATAG
331578 AGATAA
331893 TGATAA
332749 TGATAG
333721 AGATAG
333725 AGATAA
334077 TGATAA
335345 TGATAA
339038 TGATAA
339131 TGATAA
339224 TGATAA
339316 TGATAA
339435 AGATAA
341862 AGATAA
341919 AGATAG
343332 TGATAG
345035 AGATAA
345122 TGATAA
345271 AGATAA
345293 TGATAA
345675 TGATAG
345683 TGATAA
347138 AGATAA
347329 TGATAG
347624 AGATAA
347886 TGATAA
349213 TGATAA
351553 AGATAA
354153 AGATAA
356764 TGATAA
356964 TGATAA
360438 TGATAA
361255 AGATAA
361351 AGATAA
362062 AGATAA
362120 AGATAA
362336 TGATAA
362972 TGATAA
364936 AGATAA
366681 TGATAA
367114 TGATAG
371805 AGATAA
374211 TGATAA
374312 TGATAA
374413 TGATAA
374514 TGATAA
376150 TGATAA
376539 AGATAA
376846 TGATAA
377168 AGATAG
377491 AGATAG
378394 TGATAA
378836 AGATAG
380530 TGATAG
381310 TGATAA
381778 TGATAA
381971 AGATAG
382219 AGATAA
382290 AGATAA
382600 TGATAA
383137 AGATAA
383433 TGATAA
384226 TGATAG
387296 AGATAA
388292 TGATAG
389427 TGATAA
390493 TGATAG
391084 TGATAA
391212 TGATAA
392603 AGATAA
392849 TGATAA
394645 TGATAA
394687 TGATAA
395564 TGATAG
398210 AGATAA
399275 TGATAA
399974 AGATAA
400425 TGATAA
402829 TGATAG
403182 AGATAG
403621 TGATAA
404899 TGATAA
405361 AGATAG
406734 AGATAA
407861 AGATAA
409044 AGATAA
409242 TGATAA
409281 TGATAA
411344 TGATAA
411354 TGATAA
411684 AGATAA
411755 TGATAG
411790 AGATAA
412209 AGATAG
417522 AGATAA
418022 AGATAG
418026 AGATAA
418176 AGATAA
418239 TGATAA
423354 AGATAA
423778 TGATAA
424374 TGATAA
431100 TGATAG
433373 TGATAG
436751 TGATAA
438004 TGATAG
438611 TGATAA
441683 TGATAA
442031 AGATAA
443284 AGATAA
444488 TGATAA
444908 TGATAA
445082 AGATAA
445129 AGATAG
446121 TGATAG
446424 AGATAG
446808 AGATAA
447285 AGATAA
447418 AGATAA
447586 AGATAA
447757 AGATAG
449089 AGATAG
449847 TGATAA
450542 AGATAG
451321 AGATAA
451520 AGATAA
451612 AGATAG
455834 TGATAA
455920 AGATAA
456654 AGATAA
458248 TGATAA
461536 TGATAA
462400 AGATAA
464130 AGATAA
464771 AGATAA
464935 TGATAG
465298 TGATAA
465979 AGATAA
467026 AGATAA
467611 AGATAA
467811 TGATAA
471837 TGATAA
472193 AGATAG
472595 TGATAG
472796 TGATAG
474583 TGATAA
474661 AGATAA
475632 TGATAA
476579 AGATAA
476690 TGATAG
476975 TGATAG
477904 AGATAA
479076 AGATAA
479222 TGATAA
479424 TGATAA
479563 AGATAA
480653 TGATAA
481033 TGATAG
481397 TGATAG
481831 AGATAG
481963 AGATAG
482228 AGATAG
483197 TGATAA
483572 TGATAA
484005 AGATAG
484020 TGATAG
484454 TGATAA
484538 TGATAG
484559 TGATAG
487810 TGATAA
489258 TGATAA
490055 TGATAA
493087 TGATAA
498739 TGATAA
500674 AGATAA
502437 TGATAA
503137 AGATAA
503159 AGATAA
503268 TGATAA
503463 AGATAG
503829 TGATAG
504493 TGATAA
505663 TGATAA
508253 AGATAA
510488 TGATAG
510636 TGATAA
514489 AGATAA
514774 AGATAA
514914 TGATAG
514987 AGATAA
521176 AGATAG
526344 TGATAG
526476 TGATAA
526530 AGATAG
526563 AGATAG
526629 AGATAA
526926 AGATAA
527058 AGATAG
527300 TGATAA
527738 AGATAA
527804 AGATAG
527894 TGATAA
528799 TGATAG
528855 TGATAA
528933 AGATAA
529431 TGATAG
530335 TGATAG
531516 TGATAA
532178 AGATAA
532851 AGATAA
534924 AGATAA
535523 TGATAA
540653 TGATAA
541106 TGATAA
541692 TGATAA
542385 TGATAA
542944 AGATAG
543082 AGATAA
543299 TGATAA
545695 TGATAA
547231 AGATAA
548208 TGATAA
550260 TGATAA
552132 TGATAA
552786 TGATAA
553191 TGATAA
553524 TGATAA
554810 AGATAA
557175 AGATAA
557736 TGATAA
557805 TGATAA
558546 AGATAA
559200 TGATAA
559388 AGATAG
559740 TGATAA
559755 TGATAG
561538 AGATAA
561866 TGATAG
562692 TGATAA
563205 AGATAA
563221 AGATAA
563250 AGATAG
563451 TGATAA
563569 AGATAA
563660 TGATAG
564205 TGATAA
564298 TGATAG
568027 AGATAA
568560 AGATAA
568860 TGATAG
569356 AGATAA
569683 TGATAA
569963 AGATAG
570063 AGATAA
570513 AGATAA
570638 AGATAA
570656 AGATAA
570828 TGATAA
571163 TGATAA
571448 AGATAA
572268 TGATAA
573099 AGATAA
576524 TGATAA
576703 AGATAA
576805 AGATAA
577409 TGATAA
577785 AGATAG
578701 AGATAG
579816 TGATAA
582577 TGATAA
582890 TGATAG
583061 AGATAA
583127 TGATAA
583650 TGATAA
584704 AGATAA
585400 AGATAA
585443 AGATAA
585931 AGATAA
586863 AGATAG
587128 AGATAA
588615 TGATAG
589295 AGATAA
589302 AGATAG
589359 AGATAA
590294 TGATAA
591847 AGATAG
592099 TGATAG
592564 TGATAA
593932 TGATAA
594959 AGATAA
594998 TGATAA
595480 TGATAG
597393 AGATAA
598894 AGATAG
602894 AGATAG
604213 AGATAA
604952 TGATAA
605202 AGATAA
606229 AGATAA
606256 TGATAG
606901 AGATAA
607972 TGATAG
608793 TGATAG
609990 TGATAG
610164 AGATAG
613570 AGATAA
621423 TGATAA
624064 TGATAA
624592 TGATAG
626326 TGATAG
631326 TGATAG
634635 TGATAG
634664 TGATAA
635010 TGATAG
635829 AGATAA
636534 AGATAA
637135 AGATAG
637330 TGATAA
637591 AGATAG
637653 AGATAA
638090 TGATAA
638967 AGATAA
639136 AGATAA
641258 TGATAG
641795 TGATAA
642278 TGATAA
643171 TGATAG
643224 AGATAA
643842 TGATAA
645055 TGATAA
645064 AGATAA
645947 AGATAA
650226 AGATAG
650588 AGATAA
650886 TGATAG
651146 TGATAA
652779 TGATAA
653028 AGATAA
653476 TGATAG
653767 TGATAA
654526 AGATAA
654581 AGATAG
655067 TGATAA
655337 AGATAA
655756 TGATAA
657191 TGATAA
659039 TGATAA
660764 TGATAA
661268 TGATAA
661678 TGATAG
661684 TGATAG
662102 TGATAG
663113 AGATAA
664743 AGATAA
664856 TGATAG
665151 TGATAA
665303 AGATAG
665430 AGATAA
666259 TGATAG
667184 AGATAG
667226 AGATAA
667480 TGATAA
668283 AGATAA
668705 TGATAG
669283 AGATAA
669844 AGATAA
671379 AGATAA
673426 TGATAA
674988 TGATAA
675734 TGATAA
675790 AGATAA
676885 TGATAG
677380 TGATAA
678033 TGATAG
678408 AGATAA
680291 TGATAA
680842 TGATAG
681306 TGATAA
681384 TGATAG
682641 AGATAA
682793 AGATAA
685213 TGATAA
685827 AGATAG
688873 AGATAG
688884 AGATAG
689311 AGATAA
691299 AGATAA
691799 TGATAA
691883 TGATAA
692760 TGATAA
693166 AGATAA
694080 TGATAG
694454 TGATAG
694979 TGATAA
697324 AGATAA
697661 TGATAG
697822 TGATAG
698723 TGATAA
698798 AGATAA
699826 TGATAG
699916 AGATAG
700129 AGATAA
700585 AGATAG
701673 TGATAA
701687 AGATAG
702937 TGATAA
702976 TGATAA
703312 TGATAA
704275 AGATAA
704767 AGATAA
707424 TGATAA
708380 AGATAA
709299 TGATAA
709483 AGATAG
709932 AGATAA
710311 TGATAG
710678 TGATAG
711270 AGATAG
711631 TGATAG
711666 TGATAG
713592 TGATAA
713661 TGATAA
714753 AGATAA
714828 TGATAA
714840 TGATAA
715686 TGATAA
717358 AGATAA
718958 AGATAA
719771 TGATAA
719833 TGATAA
720211 AGATAA
720660 AGATAA
722135 TGATAA
722400 TGATAA
724165 AGATAA
724175 TGATAA
727350 TGATAA
727695 AGATAG
727988 AGATAA
728294 AGATAA
729146 TGATAA
729821 TGATAA
730334 TGATAA
733225 TGATAG
735188 TGATAA
735300 TGATAA
736095 AGATAA
736349 TGATAA
737084 TGATAA
737616 TGATAA
739582 TGATAA
740252 TGATAA
740493 AGATAG
741465 AGATAG
741672 AGATAG
742837 TGATAG
743710 TGATAA
746953 TGATAG
747675 TGATAA
747915 TGATAA
748289 AGATAA
748397 AGATAG
748412 AGATAA
748775 AGATAA
749560 TGATAG
749743 AGATAA
750004 AGATAG
750736 AGATAG
751404 TGATAA
752188 AGATAG
752259 TGATAA
753251 TGATAG
754400 TGATAA
755314 AGATAA
757459 TGATAG
757638 TGATAA
757727 TGATAA
758278 AGATAA
762204 AGATAA
766342 AGATAA
766431 TGATAG
767035 TGATAA
767673 TGATAA
767985 AGATAA
768723 AGATAA
769023 TGATAA
769604 TGATAA
770377 AGATAA
774533 AGATAA
776265 TGATAA
776343 TGATAA
776946 AGATAA
778252 TGATAA
779011 TGATAA
781401 AGATAA
781804 TGATAG
782131 AGATAA
783204 TGATAG
783511 AGATAA
784827 AGATAA
785964 TGATAA
786129 AGATAA
786845 TGATAA
786989 AGATAA
787872 TGATAG
788765 TGATAA
788930 TGATAG
789050 TGATAA
790418 TGATAA
791899 TGATAA
794583 TGATAA
797430 TGATAA
797490 TGATAA
797541 TGATAG
799526 TGATAA
799780 TGATAA
800511 TGATAA
805085 AGATAA
806185 TGATAA
808046 TGATAA
809459 AGATAA
810580 TGATAA
812462 AGATAA
813343 TGATAG
815329 TGATAG
820241 AGATAA
821051 AGATAA
821285 AGATAA
821447 AGATAA
821533 AGATAG
822141 AGATAG
822838 AGATAA
823827 AGATAA
824214 AGATAA
824900 TGATAA
825673 AGATAA
825901 TGATAA
827687 AGATAG
828185 TGATAA
828996 TGATAG
829499 AGATAA
836088 AGATAA
836487 TGATAA
836814 TGATAA
837135 TGATAG
837225 AGATAA
837285 TGATAA
837783 TGATAA
838167 TGATAG
838520 TGATAA
839339 TGATAA
839489 TGATAA
839993 AGATAA
840839 TGATAG
840857 TGATAA
840869 TGATAA
841312 TGATAA
841481 TGATAA
842541 TGATAA
843013 TGATAA
843049 AGATAG
843139 TGATAA
843844 AGATAA
844732 AGATAA
844930 TGATAA
845746 AGATAG
847514 AGATAG
847839 TGATAA
848288 TGATAA
848503 TGATAG
849051 AGATAA
849060 AGATAA
850648 AGATAG
851943 AGATAG
852733 AGATAG
854558 TGATAG
856051 TGATAA
856171 TGATAA
857955 AGATAG
858832 TGATAA
859928 TGATAA
860448 TGATAA
862821 TGATAG
863852 TGATAA
864658 TGATAG
868608 AGATAA
872173 AGATAG
872220 AGATAA
872226 AGATAA
872235 TGATAA
872509 TGATAA
872545 TGATAA
873049 AGATAA
875636 AGATAA
876023 AGATAA
876827 AGATAG
877598 AGATAA
878545 TGATAA
878905 AGATAA
879479 AGATAG
880863 TGATAA
881157 TGATAA
882081 TGATAG
882109 AGATAA
882186 AGATAA
884094 AGATAA
884962 TGATAA
885205 TGATAA
885480 AGATAG
885516 AGATAA
887183 AGATAA
887194 AGATAA
887574 AGATAA
887919 AGATAA
890401 AGATAA
892256 TGATAA
892457 TGATAA
892653 TGATAA
893437 TGATAA
894436 AGATAA
898994 TGATAA
899097 TGATAA
899328 TGATAA
901028 AGATAG
901223 TGATAG
901274 AGATAA
902238 AGATAG
902979 TGATAG
902998 AGATAG
903490 AGATAA
903768 TGATAA
904302 TGATAG
905038 TGATAA
905611 TGATAA
906858 TGATAA
906933 AGATAG
908260 AGATAG
909100 AGATAA
910292 TGATAA
911089 AGATAA
911425 TGATAG
911923 TGATAA
911977 TGATAA
914684 AGATAG
915389 AGATAA
916771 AGATAG
918503 TGATAG
921522 AGATAA
922034 TGATAG
922123 TGATAA
924875 TGATAA
925053 AGATAA
925278 TGATAA
925706 AGATAA
925833 AGATAA
926023 AGATAA
928003 AGATAA
928395 AGATAG
928934 TGATAA
929113 TGATAA
929250 TGATAA
929367 AGATAG
929763 AGATAG
929919 TGATAA
930914 AGATAG
931822 AGATAG
935855 TGATAG
937890 TGATAG
937959 TGATAA
938730 AGATAA
941584 AGATAA
941686 TGATAA
942782 AGATAA
943610 TGATAG
950230 TGATAA
950397 AGATAG
953579 AGATAG
954768 AGATAG
956016 TGATAA
956784 TGATAA
957141 TGATAA
957294 TGATAA
957714 TGATAA
960055 TGATAA
960415 AGATAA
963066 TGATAG
963982 TGATAG
965079 TGATAG
966532 TGATAA
967333 TGATAG
969012 TGATAA
969851 TGATAA
970412 TGATAA
972152 TGATAA
975527 AGATAG
978118 TGATAA
978694 TGATAG
978922 AGATAA
980149 AGATAA
980247 TGATAA
983399 AGATAA
983659 TGATAA
983908 TGATAA
985604 TGATAG
986367 AGATAA
986745 AGATAA
986762 AGATAA
987174 AGATAA
988447 AGATAG
989191 TGATAA
989325 AGATAG
991313 TGATAA
991406 TGATAA
992434 AGATAA
992454 TGATAA
993285 TGATAA
993423 AGATAA
993785 AGATAG
995116 AGATAA
995158 AGATAA
995529 AGATAA
995620 AGATAG
996066 TGATAG
996628 TGATAA
996775 TGATAA
997082 TGATAA
997158 TGATAA
997921 AGATAA
998305 TGATAA
998700 AGATAA
999327 AGATAA
1000222 TGATAG
1001033 AGATAA
1004181 TGATAA
1004349 TGATAA
1005026 AGATAA
1009266 AGATAA
1011566 TGATAA
1013140 AGATAG
1014662 AGATAA
1016135 TGATAG
1017053 AGATAA
1017466 TGATAG
1019324 AGATAA
1020042 TGATAA
1022210 TGATAA
1022564 AGATAA
1023658 TGATAA
1025798 AGATAA
1025807 TGATAA
1026293 AGATAA
1027885 AGATAA
1029727 AGATAG
1029841 AGATAG
1030112 AGATAG
1030348 AGATAG
1030409 AGATAA
1030684 TGATAA
1031019 TGATAG
1031149 AGATAA
1033366 TGATAA
1035922 TGATAA
1037861 AGATAA
1038663 TGATAA
1040987 TGATAA
1043263 TGATAA
1043327 TGATAA
1044076 TGATAA
1045576 AGATAA
1045648 AGATAA
1047148 AGATAA
1047393 AGATAA
1047825 AGATAA
1049936 AGATAA
1049964 AGATAA
1050192 AGATAA
1050724 AGATAA
1051037 TGATAA
1051908 AGATAA
1052086 AGATAA
1052740 AGATAA
1053008 AGATAG
1053504 TGATAG
1055298 TGATAA
1055539 TGATAA
1056097 TGATAA
1056379 TGATAA
1057800 AGATAA
1058843 TGATAA
1060007 AGATAA
1060802 AGATAA
1061615 AGATAA
1063188 TGATAG
1063491 TGATAA
1063995 TGATAA
1064154 TGATAG
1064211 TGATAA
1064292 AGATAG
1064784 TGATAA
1066018 TGATAG
1066377 TGATAA
1066988 AGATAA
1068811 AGATAA
1069107 TGATAA
1069507 TGATAA
1069783 AGATAG
1071736 TGATAA
1072746 AGATAG
1074788 AGATAG
1076615 TGATAA
1076705 AGATAA
1076885 TGATAA
1077191 TGATAG
1077983 AGATAA
1078883 AGATAA
1080247 TGATAA
1080505 TGATAA
1082656 TGATAG
1083329 TGATAA
1083485 TGATAA
1084186 TGATAG
1084243 AGATAA
1085422 TGATAG
1086828 TGATAA
1086837 AGATAG
1087356 AGATAA
1087626 TGATAA
1087636 TGATAG
1088820 TGATAA
1090487 TGATAA
1090541 AGATAA
1090607 TGATAG
1091108 TGATAA
1093107 TGATAA
1093372 TGATAA
1093619 TGATAA
1093747 TGATAA
1095144 TGATAG
1096057 TGATAG
1096072 AGATAA
1097209 AGATAA
1100049 TGATAA
1102672 TGATAG
1102731 TGATAA
1102923 TGATAG
1102972 AGATAA
1104220 AGATAA
1104902 TGATAA
1106778 TGATAG
1106809 TGATAA
1107214 AGATAG
1107218 AGATAA
1108330 TGATAA
1108982 AGATAA
1109153 TGATAA
1109747 AGATAA
1109912 TGATAA
1109923 AGATAG
1113935 TGATAA
1114759 AGATAA
1115693 AGATAA
1116604 AGATAA
1117940 AGATAG
1118584 AGATAA
1118620 AGATAG
1120297 AGATAA
1122644 TGATAA
1124652 TGATAG
1128627 AGATAA
1129648 TGATAG
1130752 TGATAG
1131327 TGATAA
1131761 AGATAA
1133382 TGATAG
1133737 TGATAA
1134778 TGATAG
1137519 TGATAA
1138925 TGATAG
1139248 AGATAA
1139766 TGATAG
1139941 AGATAA
1143210 AGATAG
1143229 TGATAA
1145138 TGATAA
1145157 TGATAA
1145847 TGATAG
1147744 TGATAA
1150164 TGATAA
1150818 TGATAG
1151799 TGATAA
1152507 TGATAA
1153350 TGATAA
1153750 TGATAA
1153942 AGATAA
1154885 AGATAA
1155604 AGATAA
1156942 TGATAG
1162174 TGATAG
1164183 AGATAA
1164456 TGATAA
1166759 TGATAG
1167068 TGATAG
1167321 AGATAG
1169635 AGATAA
1170534 TGATAA
1170743 AGATAA
1171913 AGATAA
1172922 AGATAA
1173240 TGATAA
1173547 AGATAG
1173618 TGATAA
1173670 AGATAG
1174320 TGATAA
1174509 TGATAA
1177865 TGATAG
1178120 TGATAA
1178831 AGATAA
1179254 AGATAA
1179819 TGATAA
1179907 AGATAA
1181027 TGATAA
1181886 AGATAA
1182800 AGATAG
1183308 AGATAG
1184696 TGATAG
1184967 TGATAA
1186597 TGATAA
1187063 TGATAA
1188410 AGATAA
1189014 AGATAG
1189244 AGATAA
1189551 AGATAA
1189861 TGATAG
1191442 AGATAG
1191880 AGATAA
1192355 AGATAA
1193119 TGATAA
1196850 AGATAA
1196872 TGATAA
1197133 TGATAA
1197268 AGATAG
1197652 TGATAG
1198941 TGATAA
1199021 AGATAA
1199754 TGATAG
1199782 TGATAG
1199818 TGATAG
1201080 TGATAA
1201596 AGATAA
1206307 TGATAA
1208012 AGATAA
1208490 TGATAA
1209007 AGATAA
1209579 TGATAA
1209941 TGATAA
1210290 AGATAA
1210607 AGATAG
1211038 TGATAA
1211782 TGATAG
1211846 AGATAG
1212214 AGATAA
1212431 TGATAG
1212724 TGATAA
1214797 TGATAA
1215301 TGATAA
1215363 AGATAA
1215626 TGATAA
1216059 TGATAG
1217266 TGATAG
1218664 TGATAA
1218960 AGATAA
1219101 TGATAG
1219236 TGATAA
1219335 AGATAA
1219740 AGATAA
1220184 TGATAA
1220338 AGATAA
1221416 TGATAA
1222177 AGATAA
1222300 AGATAA
1222328 TGATAG
1222447 AGATAA
1222556 AGATAA
1222937 TGATAA
1223459 AGATAA
1223476 AGATAA
1223652 AGATAA
1225255 AGATAA
1225436 TGATAA
1227672 TGATAA
1228496 TGATAA
1228661 TGATAA
1229744 TGATAA
1229865 AGATAA
1229909 TGATAG
1232024 AGATAA
1232664 TGATAG
1233443 TGATAA
1234027 TGATAG
1234453 TGATAA
1235232 AGATAA
1235308 TGATAA
1236015 AGATAA
1236378 AGATAA
1239275 TGATAG
1239384 AGATAA
1240035 TGATAA
1240285 TGATAA
1240987 TGATAA
1241650 TGATAG
1243981 TGATAG
1247546 TGATAA
1247973 AGATAA
1248435 AGATAA
1248657 TGATAA
1249288 TGATAA
1249751 TGATAA
1251141 TGATAA
1251949 TGATAA
1252380 AGATAG
1253184 AGATAA
1253848 TGATAA
1254016 TGATAG
1255057 AGATAA
1256650 TGATAA
1257820 AGATAA
1258972 AGATAG
1259523 AGATAA
1266110 TGATAA
1267063 TGATAA
1267842 TGATAA
1268834 TGATAA
1269369 AGATAA
1270396 AGATAG
1271451 AGATAA
1271547 TGATAA
1271730 TGATAA
1273113 TGATAA
1273221 TGATAA
1273413 AGATAA
1274301 AGATAA
1274732 AGATAG
1274973 TGATAA
1275387 TGATAA
1276324 AGATAA
1277069 TGATAA
1277082 TGATAG
1277086 AGATAA
1280675 TGATAA
1282306 TGATAG
1287239 TGATAA
1287368 TGATAA
1288474 AGATAA
1288990 TGATAG
1289904 TGATAA
1292608 TGATAG
1292700 TGATAA
1294376 AGATAA
1295963 AGATAG
1296526 AGATAG
1296938 AGATAA
1296980 AGATAG
1297354 TGATAA
1297687 AGATAA
1297703 TGATAG
1298777 AGATAG
1299080 TGATAG
1301984 TGATAG
1305479 TGATAA
1306502 AGATAG
1307476 TGATAA
1308483 AGATAA
1310799 AGATAA
1310974 AGATAG
1311227 TGATAA
1311587 TGATAA
1311677 TGATAG
1312435 TGATAA
1313225 TGATAA
1314166 AGATAG
1314355 AGATAA
1314792 AGATAG
1317435 AGATAG
1318077 TGATAG
1318593 AGATAA
1319010 TGATAA
1320440 AGATAA
1322147 TGATAA
1322255 AGATAA
1322363 TGATAA
1322800 TGATAG
1324702 AGATAG
1325906 TGATAA
1326287 TGATAA
1327722 AGATAA
1330795 AGATAA
1333151 TGATAA
1333901 AGATAA
1336636 AGATAA
1337194 AGATAA
1339096 AGATAA
1339207 AGATAA
1341473 TGATAA
1341498 TGATAA
1342027 TGATAG
1342793 AGATAG
1343486 TGATAG
1344445 TGATAA
1344625 AGATAA
1345390 TGATAA
1346175 AGATAG
1347580 AGATAA
1348229 AGATAA
1349138 AGATAA
1351006 TGATAA
1352357 TGATAA
1353484 AGATAA
1354235 AGATAG
1355732 TGATAG
1356454 AGATAA
1356616 TGATAA
1356685 AGATAA
1356837 AGATAG
1356879 AGATAA
1356997 TGATAG
1357107 AGATAG
1357595 TGATAG
1360059 AGATAA
1360741 TGATAG
1362644 TGATAA
1364995 TGATAA
1365781 AGATAA
1366024 AGATAA
1369015 TGATAA
1369599 AGATAA
1374617 AGATAA
1375667 TGATAA
1375819 TGATAG
1380830 TGATAA
1380873 TGATAA
1382059 TGATAA
1383522 AGATAA
1386522 TGATAA
1389056 TGATAG
1389659 TGATAA
1389757 AGATAA
1390123 AGATAG
1390883 AGATAG
1391759 TGATAA
1393702 AGATAA
1393726 TGATAA
1393783 TGATAA
1393965 AGATAA
1396407 AGATAA
1396939 AGATAG
1397754 AGATAA
1398356 AGATAA
1399694 AGATAA
1400377 AGATAA
1400506 AGATAA
1402737 TGATAA
1403597 TGATAG
1404133 TGATAA
1404379 TGATAA
1405013 TGATAA
1405251 TGATAG
1405448 TGATAA
1405885 AGATAA
1405894 TGATAA
1405900 TGATAG
1406222 TGATAG
1406591 AGATAA
1408615 AGATAA
1410351 TGATAA
1410650 AGATAA
1411271 TGATAA
1411304 AGATAA
1412845 TGATAA
1413074 TGATAG
1413318 TGATAA
1415108 TGATAG
1415174 TGATAG
1415930 TGATAA
1417086 TGATAG
1417926 AGATAA
1417972 TGATAA
1419633 AGATAA
1420903 TGATAA
1420933 TGATAA
1421283 TGATAA
1422761 TGATAA
1422916 AGATAA
1422970 AGATAG
1423416 AGATAG
1423796 TGATAA
1424205 AGATAA
1424512 TGATAG
1424743 TGATAA
1428655 TGATAA
1429242 TGATAG
1429357 TGATAA
1431990 TGATAA
1432142 TGATAG
1432393 TGATAA
1432503 AGATAA
1432644 AGATAA
1433272 AGATAA
1433790 TGATAA
1435058 TGATAA
1435085 AGATAA
1437369 AGATAA
1437795 AGATAG
1440229 TGATAG
1440263 AGATAA
1442951 AGATAA
1443491 AGATAA
1444898 AGATAG
1445718 AGATAA
1447352 TGATAA
1447397 TGATAG
1447472 TGATAG
1448537 AGATAG
1450138 TGATAG
1450559 AGATAA
1451794 TGATAA
1452546 TGATAA
1455157 AGATAA
1457081 TGATAA
1457468 AGATAA
1459101 AGATAA
1459458 AGATAG
1460149 TGATAA
1460477 TGATAA
1461813 TGATAA
1461915 AGATAA
1462507 AGATAG
1463311 AGATAA
1463785 AGATAA
1463939 AGATAG
1464077 TGATAA
1465442 TGATAA
1465517 TGATAA
1468498 AGATAA
1469027 TGATAG
1469474 TGATAA
1469708 TGATAG
1469990 TGATAA
1470329 TGATAA
1470863 TGATAA
1471388 TGATAA
1473301 AGATAA
1473753 TGATAA
1474609 AGATAA
1475639 TGATAA
1475657 AGATAA
1476301 TGATAA
1476445 TGATAA
1477037 AGATAG
1477205 TGATAA
1478846 TGATAA
1478909 TGATAA
1479723 AGATAG
1480958 AGATAG
1481578 TGATAA
1484251 TGATAA
1484883 TGATAG
1484944 AGATAA
1485001 TGATAA
1485920 TGATAG
1489314 AGATAG
1489551 TGATAA
1490055 AGATAA
1490167 TGATAG
1491139 TGATAA
1492378 AGATAG
1493147 TGATAA
1496954 AGATAA
1498426 TGATAA
1499614 TGATAA
1499860 TGATAG
1500563 AGATAA
1502467 TGATAG
1504164 TGATAA
1505463 AGATAA
1507686 AGATAA
1508606 TGATAG
1509519 AGATAA
1509763 AGATAA
1509826 TGATAA
1512861 TGATAA
1515148 AGATAA
1516785 AGATAG
1519695 AGATAG
1519755 TGATAA
1522815 TGATAA
1522889 AGATAG
1524074 TGATAG
1527492 TGATAG
1527729 TGATAG
1527910 AGATAA
1528019 TGATAA
1528310 TGATAA
1528376 TGATAA
1528590 AGATAA
1528800 TGATAA
1528959 TGATAA
1529111 TGATAA
1529163 AGATAA
1529288 AGATAA
1529422 AGATAA
1530141 TGATAA
1530189 TGATAA
1530876 TGATAA
1531274 TGATAA
1532199 TGATAA
1532228 TGATAG
1533320 TGATAG
1533467 TGATAA
1535013 AGATAA
1535537 AGATAG
1536276 AGATAG
1537477 TGATAG
1537592 AGATAA
1539629 TGATAA
1539994 AGATAA
1540862 AGATAA
1542049 AGATAA
1542198 AGATAA
1542882 TGATAG
1542893 AGATAA
1543398 TGATAG
1543450 TGATAA
1544688 AGATAA
1544891 AGATAG
1545072 AGATAG
1550169 TGATAA
1550347 TGATAA
1551360 AGATAG
1553311 AGATAA
1553780 AGATAA
1554287 TGATAA
1558399 AGATAA
1558868 AGATAA
1559591 TGATAA
1559666 AGATAG
1559991 TGATAA
1560320 TGATAA
1560702 TGATAG
1560993 TGATAA
1563072 TGATAG
1564026 TGATAA
1564227 AGATAG
1564572 AGATAA
1565051 AGATAA
1565549 AGATAG
1565585 AGATAG
1566324 TGATAG
1567377 AGATAA
1567977 AGATAA
1568223 AGATAG
1569011 AGATAA
1569204 AGATAA
1569930 TGATAA
1572195 TGATAA
1572576 TGATAA
1574027 TGATAA
1574210 AGATAG
1575224 AGATAA
1577496 TGATAA
1577844 AGATAG
1578296 TGATAA
1578581 TGATAG
1579937 TGATAG
1580634 AGATAG
1581424 AGATAA
1581802 TGATAA
1583420 AGATAA
1584019 TGATAA
1584851 AGATAA
1585096 AGATAA
1585714 AGATAA
1585884 TGATAG
1586235 TGATAG
1587012 AGATAA
1588339 AGATAA
1589961 TGATAA
1592425 TGATAA
1592985 TGATAG
1593453 TGATAG
1594135 TGATAA
1594930 TGATAA
1594993 TGATAA
1595457 TGATAG
1596261 TGATAG
1596704 TGATAA
1596737 TGATAA
1599182 TGATAG
1599701 TGATAG
1600646 AGATAA
1605761 AGATAA
1606325 AGATAA
1606387 AGATAA
1606624 AGATAA
1607170 TGATAA
1607439 TGATAA
1607740 AGATAG
1608003 TGATAA
1609090 AGATAA
1609915 AGATAG
1610020 TGATAG
1611139 AGATAG
1611469 TGATAA
1611942 TGATAA
1613717 TGATAG
1614130 AGATAA
1614733 TGATAA
1618179 TGATAA
1618857 TGATAG
1619016 AGATAG
1619966 AGATAA
1620772 AGATAA
1620926 TGATAA
1621240 TGATAA
1621977 AGATAA
1622810 AGATAA
1623524 TGATAA
1623557 AGATAA
1623836 TGATAA
1624055 TGATAA
1624620 TGATAG
1625081 AGATAG
1625446 TGATAA
1625674 AGATAA
1628916 TGATAA
1629411 TGATAG
1629774 AGATAG
1629927 AGATAA
1630366 AGATAG
1630464 AGATAA
1630681 AGATAA
1630740 AGATAG
1630860 AGATAA
1630926 TGATAA
1633412 AGATAA
1634616 TGATAA
1635021 AGATAA
1635102 TGATAA
1635219 TGATAA
1635420 TGATAA
1635877 AGATAA
1636814 AGATAA
1637312 AGATAA
1637434 TGATAA
1638150 AGATAA
1639051 AGATAA
1640612 TGATAA
1641842 AGATAA
1642760 AGATAA
1644697 TGATAA
1644844 TGATAG
1645907 AGATAG
1646085 TGATAG
1646359 AGATAA
1646814 TGATAA
1647233 AGATAG
1649068 TGATAA
1649536 TGATAA
1649972 TGATAA
1649990 AGATAA
1651993 AGATAA
1653349 TGATAA
1654067 TGATAA
1654350 TGATAA
1654466 AGATAA
1654578 TGATAA
1654983 AGATAA
1656304 AGATAA
1657465 AGATAA
1658079 TGATAA
1658914 TGATAG
1659007 TGATAA
1661159 AGATAA
1662549 AGATAA
1664635 AGATAA
1665331 AGATAG
1666325 AGATAG
1670045 AGATAA
1670480 AGATAA
1671669 AGATAG
1671775 TGATAA
1673579 TGATAA
1674064 AGATAG
1674329 AGATAA
1675647 AGATAA
1676128 TGATAG
1676167 TGATAA
1676629 AGATAA
1678875 TGATAA
1678991 AGATAA
1680123 TGATAG
1684332 AGATAG
1684693 TGATAA
1685811 TGATAG
1686375 TGATAA
1686790 TGATAA
1687585 TGATAA
1689280 AGATAA
1691014 AGATAA
1691361 AGATAA
1692591 TGATAA
1693349 AGATAA
1694111 AGATAA
1694886 AGATAA
1694927 TGATAG
1695814 TGATAG
1696161 AGATAA
1696501 TGATAG
1696737 AGATAA
1696979 AGATAA
1697233 AGATAA
1697311 TGATAA
1698021 TGATAA
1699867 AGATAA
1699888 AGATAA
1704675 AGATAA
1705427 AGATAA
1705583 AGATAA
1706405 AGATAA
1707386 AGATAA
1710210 TGATAA
1710676 AGATAG
1713662 AGATAG
1715834 TGATAA
1716391 TGATAA
1719928 TGATAA
1723480 TGATAG
1723956 AGATAA
1725413 AGATAA
1726096 AGATAA
1727115 AGATAA
1731182 TGATAG
1732427 TGATAG
1732589 AGATAA
1734081 AGATAA
1734547 AGATAG
1735656 TGATAA
1736343 TGATAA
1736688 TGATAA
1745112 TGATAA
1745813 TGATAA
1746013 TGATAG
1747596 TGATAG
1747653 AGATAA
1747669 AGATAA
1748169 AGATAA
1748447 TGATAG
1749966 AGATAA
1753401 TGATAA
1754005 TGATAA
1757602 TGATAG
1758467 AGATAA
1758691 AGATAG
1759199 TGATAG
1760913 AGATAA
1761245 TGATAG
1761776 TGATAA
1762455 TGATAA
1762588 AGATAA
1762664 AGATAG
1762873 AGATAA
1763198 AGATAA
1764607 TGATAG
1766053 TGATAA
1768589 TGATAA
1769995 TGATAA
1773762 TGATAA
1774113 TGATAA
1775611 AGATAA
1776446 AGATAG
1776584 TGATAA
1776759 AGATAG
1777797 AGATAG
1778651 AGATAA
1779266 AGATAA
1779515 TGATAG
1783590 TGATAA
1784472 TGATAA
1785151 TGATAA
1786604 AGATAA
1787594 TGATAA
1788315 TGATAG
1788849 AGATAA
1789281 TGATAG
1790015 TGATAA
1791349 AGATAG
1792221 AGATAA
1792683 AGATAG
1792710 AGATAA
1792794 TGATAA
1794007 AGATAA
1794445 TGATAG
1794938 TGATAG
1795318 AGATAA
1796553 TGATAA
1796785 TGATAA
1797652 TGATAA
1798339 TGATAG
1798905 TGATAG
1798961 TGATAA
1800865 TGATAA
1801007 TGATAA
1802035 TGATAA
1802077 TGATAG
1802395 AGATAA
1802416 AGATAA
1803205 TGATAA
1803340 AGATAA
1805091 TGATAG
1805403 TGATAA
1807337 TGATAG
1808926 TGATAG
1814284 TGATAA
1815539 AGATAG
1815748 AGATAA
1815939 AGATAA
1816198 AGATAA
1816438 TGATAA
1817383 AGATAA
1817967 AGATAA
1818181 TGATAA
1818286 AGATAG
1818414 TGATAG
1819620 AGATAA
1819862 AGATAA
1819984 TGATAA
1820308 AGATAA
1821513 AGATAA
1823889 TGATAA
1824236 AGATAG
1824898 TGATAA
1825279 AGATAA
1825372 AGATAG
1827259 AGATAA
1827896 TGATAA
1830099 TGATAA
1830876 TGATAA
1837366 TGATAG
1838975 AGATAG
1840004 TGATAA
1840191 TGATAA
1842035 TGATAA
1842160 TGATAA
1842515 TGATAG
1842590 TGATAA
1842659 AGATAA
1843218 TGATAG
1844266 AGATAG
1844415 TGATAA
1844628 AGATAG
1845839 TGATAA
1846083 TGATAA
1847771 TGATAA
1848368 TGATAA
1850281 TGATAA
1852384 TGATAG
1853192 TGATAA
1854084 AGATAG
1854246 TGATAA
1854374 AGATAA
1854450 AGATAA
1854538 TGATAA
1855341 TGATAG
1856087 AGATAA
1856471 AGATAG
1858395 TGATAG
1858419 TGATAG
1858878 AGATAG
1859444 AGATAA
1859651 AGATAA
1859976 TGATAA
1861845 TGATAA
1862427 TGATAA
1863340 AGATAA
1869547 TGATAA
1869820 AGATAA
1870219 TGATAA
1870903 AGATAA
1871552 TGATAA
1872169 TGATAA
1872220 AGATAG
1875543 TGATAA
1876351 AGATAA
1876789 TGATAA
1877050 AGATAA
1877320 TGATAA
1877420 TGATAA
1878034 TGATAA
1878514 AGATAG
1878538 AGATAA
1878649 AGATAA
1878742 AGATAG
1879532 TGATAA
1882921 TGATAA
1884017 TGATAA
1886643 TGATAA
1886860 TGATAG
1886923 TGATAA
1887299 AGATAG
1887702 TGATAA
1887859 TGATAA
1888531 TGATAA
1891054 AGATAA
1892170 AGATAA
1893616 TGATAA
1893682 AGATAG
1894150 TGATAA
1896620 AGATAA
1897555 TGATAA
1897766 TGATAA
1899453 TGATAA
1901488 TGATAA
1904881 TGATAA
1905163 AGATAA
1905251 AGATAG
1905504 AGATAA
1906163 TGATAA
1906475 TGATAA
1906976 TGATAG
1907347 TGATAA
1909570 AGATAA
1909960 TGATAA
1910107 AGATAA
1910305 AGATAG
1910873 AGATAA
1912011 TGATAG
1912056 TGATAA
1912154 AGATAG
1913346 AGATAA
1914318 AGATAA
1914405 AGATAA
1920845 AGATAA
1920967 TGATAA
1921123 AGATAA
1925337 AGATAA
1926012 AGATAA
1926264 TGATAA
1926571 AGATAG
1927884 TGATAA
1928259 TGATAA
1929914 TGATAA
1932557 AGATAA
1933802 AGATAG
1934492 TGATAA
1935411 TGATAG
1935463 AGATAA
1935508 TGATAA
1936955 TGATAG
1937163 TGATAG
1937814 AGATAA
1938254 TGATAG
1939534 TGATAA
1942826 TGATAA
1944025 AGATAA
1944038 TGATAA
1944955 TGATAG
1945777 AGATAG
1946187 AGATAG
1947914 TGATAG
1948242 TGATAG
1950964 TGATAA
1952528 TGATAA
1953862 TGATAA
1954747 AGATAG
1955446 TGATAA
1955878 TGATAA
1956813 TGATAA
1960522 TGATAA
1960680 AGATAA
1960814 TGATAA
1961681 AGATAG
1964001 TGATAA
1964079 AGATAA
1965295 AGATAA
1966501 AGATAA
1967129 TGATAA
1967179 AGATAA
1967281 TGATAG
1967924 TGATAA
1968428 TGATAA
1968451 TGATAG
1969625 TGATAA
1970293 AGATAA
1971197 TGATAA
1972498 TGATAA
1973083 TGATAA
1973319 TGATAA
1974760 TGATAA
1974774 AGATAA
1975074 TGATAG
1975153 AGATAA
1976545 TGATAG
1976563 AGATAA
1977147 AGATAG
1977220 TGATAG
1977469 AGATAA
1977982 TGATAA
1978713 TGATAG
1979238 TGATAA
1979254 AGATAA
1979316 AGATAG
1980786 AGATAA
1980891 AGATAA
1981005 AGATAA
1982779 AGATAG
1983571 TGATAA
1984246 AGATAA
1985715 TGATAA
1985792 TGATAG
1986107 TGATAA
1987152 TGATAA
1988918 AGATAG
1990581 TGATAA
1990764 AGATAA
1991666 AGATAA
1992414 AGATAA
1992464 TGATAG
1992636 AGATAA
1992735 TGATAA
1993415 TGATAG
1993679 TGATAA
1994078 TGATAG
1994641 TGATAA
1994896 TGATAA
1996530 TGATAG
1997412 AGATAA
1998560 TGATAG
1999004 AGATAG
2000068 TGATAA
2000792 TGATAG
2001161 TGATAG
2001878 AGATAA
2001951 TGATAG
2002455 TGATAA
2002800 TGATAG
2004991 TGATAA
2008510 TGATAA
2008826 TGATAA
2009771 AGATAA
2010074 TGATAA
2010246 TGATAA
2011004 TGATAA
2011512 AGATAA
2012847 TGATAA
2013896 TGATAA
2014226 TGATAG
2014234 TGATAG
2015957 AGATAA
2016570 AGATAA
2017242 TGATAA
2020442 AGATAG
2020487 TGATAG
2023480 TGATAA
2023784 AGATAG
2024395 AGATAA
2026130 TGATAA
2026534 TGATAA
2028718 AGATAG
2031449 AGATAA
2031485 TGATAA
2031550 AGATAA
2032924 TGATAA
2033631 TGATAA
2033902 AGATAA
2034283 TGATAG
2034863 AGATAG
2035031 AGATAG
2035208 AGATAG
2036161 AGATAG
2036554 AGATAA
2036731 AGATAA
2037173 AGATAA
2037743 AGATAA
2039281 AGATAG
2039285 AGATAA
2039649 AGATAA
2040058 TGATAA
2040788 TGATAA
2040882 AGATAA
2041472 AGATAA
2041483 TGATAA
2043058 TGATAA
2043278 TGATAA
2043379 AGATAG
2043602 TGATAA
2044721 AGATAA
2044883 TGATAA
2045876 AGATAA
2046788 TGATAA
2048189 AGATAA
2050964 TGATAA
2052980 TGATAG
2053755 TGATAG
2054364 AGATAA
2055072 TGATAA
2055084 TGATAA
2056759 TGATAA
2056906 AGATAA
2057223 AGATAA
2057566 AGATAG
2057789 TGATAG
2057994 TGATAA
2059583 AGATAG
2059587 AGATAA
2060080 TGATAG
2060512 TGATAA
2061562 AGATAA
2062109 TGATAA
2063471 TGATAA
2064024 AGATAA
2066914 AGATAA
2068362 AGATAA
2068385 TGATAG
2068558 AGATAA
2068565 TGATAA
2070071 TGATAA
2070575 TGATAA
2072809 AGATAG
2074100 TGATAA
2074725 TGATAG
2076415 TGATAA
2076996 AGATAA
2077396 TGATAA
2078058 TGATAG
2079972 TGATAA
2079997 TGATAG
2081168 TGATAA
2081858 AGATAA
2081975 TGATAA
2082295 TGATAA
2084766 AGATAG
2085104 TGATAA
2085548 AGATAA
2085900 TGATAA
2085932 TGATAA
2086560 TGATAG
2087006 AGATAG
2087241 TGATAA
2087395 TGATAA
2087448 AGATAA
2087576 AGATAA
2088177 TGATAA
2089293 TGATAA
2091571 TGATAA
2093064 AGATAA
2094049 AGATAA
2095555 TGATAG
2096084 AGATAA
2096138 TGATAA
2096398 TGATAA
2096457 TGATAA
2096544 AGATAA
2097688 TGATAA
2099461 TGATAA
2101791 TGATAA
2101827 TGATAG
2101993 AGATAA
2102046 TGATAA
2103329 AGATAA
2104177 TGATAA
2104522 AGATAA
2104600 AGATAA
2104652 TGATAA
2105204 AGATAA
2105239 AGATAG
2105277 TGATAA
2105793 TGATAG
2106806 TGATAG
2106990 TGATAG
2107202 AGATAG
2107537 AGATAA
2107587 AGATAA
2107624 TGATAA
2107746 TGATAA
2108420 AGATAA
2108627 TGATAG
2108760 TGATAA
2108877 TGATAA
2110036 TGATAG
2110480 TGATAA
2114703 AGATAG
2115404 AGATAA
2116911 AGATAA
2117002 TGATAA
2117293 TGATAA
2117508 AGATAG
2117652 AGATAA
2118473 TGATAA
2120563 TGATAG
2121156 AGATAA
2121903 AGATAG
2125032 AGATAG
2125949 TGATAG
2126192 TGATAA
2127252 TGATAA
2127873 TGATAA
2128543 AGATAA
2128690 AGATAG
2128849 AGATAA
2128886 TGATAG
2129442 TGATAA
2130425 TGATAA
2132915 TGATAG
2133971 TGATAG
2134042 TGATAA
2135642 AGATAA
2135831 AGATAA
2135999 TGATAA
2138635 TGATAG
2139499 TGATAA
2139576 AGATAA
2139991 AGATAG
2142385 TGATAA
2144845 AGATAA
2147727 AGATAG
2148003 AGATAA
2148321 AGATAA
2148878 TGATAA
2149105 TGATAA
2149145 TGATAA
2149297 TGATAA
2151875 AGATAA
2152331 TGATAG
2152446 AGATAA
2152875 AGATAA
2155229 AGATAA
2159128 TGATAG
2161171 AGATAA
2163244 TGATAA
2165461 TGATAA
2165609 AGATAA
2167463 AGATAA
2171017 AGATAA
2171708 TGATAG
2172314 AGATAG
2172847 AGATAA
2173155 TGATAA
2173636 TGATAA
2175290 AGATAA
2175436 TGATAA
2175558 AGATAA
2175661 TGATAA
2175762 TGATAA
2176081 AGATAG
2176497 AGATAA
2179425 TGATAA
2179769 AGATAA
2181011 TGATAG
2181068 TGATAA
2182245 TGATAA
2182969 AGATAA
2183460 TGATAA
2185680 TGATAA
2186246 TGATAG
2186355 AGATAA
2187150 TGATAA
2187367 TGATAA
2187667 TGATAA
2187841 TGATAA
2187964 AGATAG
2188075 TGATAA
2188453 AGATAA
2188667 TGATAA
2188680 TGATAA
2189305 AGATAA
2189555 AGATAA
2189604 AGATAA
2189731 AGATAA
2189882 AGATAG
2190908 TGATAA
2191166 AGATAG
2191196 TGATAA
2191534 AGATAG
2191633 AGATAA
2192209 AGATAA
2192224 TGATAG
2194607 AGATAA
2196807 AGATAA
2196903 AGATAG
2197366 TGATAA
2197741 AGATAA
2199247 TGATAA
2200966 TGATAA
2201803 TGATAG
2202697 TGATAA
2203086 AGATAA
2203594 AGATAA
2204773 TGATAG
2206097 AGATAG
2208620 AGATAA
2210295 AGATAA
2210688 AGATAA
2211356 AGATAA
2213954 TGATAA
2214373 TGATAA
2216500 TGATAA
2216776 AGATAG
2217042 AGATAA
2217559 TGATAA
2217606 AGATAA
2220226 TGATAA
2221192 TGATAA
2222147 TGATAA
2222687 TGATAG
2222903 AGATAG
2227415 TGATAA
2231716 TGATAA
2231906 TGATAA
2233064 AGATAA
2234308 TGATAA
2234808 AGATAA
2235386 AGATAA
2235924 AGATAA
2235971 TGATAA
2236244 AGATAG
2237120 TGATAA
2238406 AGATAA
2239145 AGATAA
2239394 TGATAG
2239926 AGATAA
2240051 AGATAG
2240570 AGATAA
2240888 AGATAA
2245260 TGATAA
2245773 TGATAA
2246040 TGATAA
2246130 AGATAA
2247029 AGATAA
2249288 TGATAG
2249367 AGATAA
2250887 TGATAA
2251142 AGATAG
2251160 AGATAA
2251848 AGATAA
2251878 AGATAA
2251935 AGATAA
2252468 AGATAA
2254288 AGATAA
2255068 AGATAA
2255644 TGATAG
2255823 TGATAG
2257021 TGATAA
2257632 AGATAA
2259891 AGATAA
2260362 TGATAG
2262108 TGATAA
2264537 TGATAA
2265054 AGATAA
2265636 AGATAA
2266115 TGATAG
2266858 AGATAA
2267303 AGATAG
2269046 AGATAA
2270548 AGATAA
2271152 TGATAA
2272484 TGATAA
2275534 TGATAG
2276526 TGATAG
2277954 TGATAA
2278107 AGATAG
2278771 TGATAG
2280915 AGATAA
2281469 AGATAG
2281547 AGATAA
2281637 AGATAG
2281926 TGATAA
2281968 TGATAA
2282385 AGATAA
2283563 AGATAA
2284532 TGATAA
2284673 TGATAG
2284744 TGATAA
2284790 AGATAG
2285973 TGATAA
2286701 TGATAA
2288813 TGATAG
2289917 TGATAA
2289980 AGATAA
2290804 TGATAA
2290949 AGATAA
2294170 AGATAA
2294196 TGATAA
2294883 AGATAA
2295364 TGATAA
2296516 TGATAA
2297323 TGATAA
2298901 AGATAG
2300315 AGATAG
2300805 TGATAA
2301149 AGATAA
2302207 TGATAA
2303500 TGATAA
2304370 TGATAA
2305118 TGATAG
2305168 TGATAA
2305284 TGATAA
2305639 TGATAA
2306171 AGATAG
2306372 TGATAA
2306528 TGATAA
2306588 TGATAA
2306803 TGATAA
2307005 TGATAA
2307133 AGATAA
2307475 TGATAG
2307555 TGATAA
2308933 AGATAG
2310155 TGATAG
2311393 TGATAA
2311649 AGATAA
2312288 TGATAA
2312584 AGATAG
2313059 TGATAG
2314836 AGATAA
2314862 AGATAA
2314976 AGATAA
2315349 TGATAG
2316048 AGATAA
2316331 TGATAA
2316679 AGATAA
2316726 AGATAG
2317254 AGATAA
2318023 TGATAA
2318665 TGATAA
2319142 TGATAG
2319925 AGATAA
2321613 TGATAG
2321997 TGATAG
2322366 TGATAG
2325551 TGATAG
2326605 TGATAA
2329582 AGATAA
2329668 AGATAA
2329918 TGATAA
2330942 TGATAA
2332173 TGATAG
2332738 AGATAA
2333064 AGATAA
2334055 TGATAA
2334100 TGATAA
2334388 TGATAA
2334782 AGATAG
2335125 AGATAA
2335625 TGATAA
2337377 AGATAG
2338593 TGATAG
2338637 TGATAA
2338784 TGATAA
2339201 TGATAA
2339306 AGATAA
2339834 AGATAA
2340396 AGATAA
2341433 AGATAG
2342155 AGATAA
2342178 AGATAA
2344207 AGATAG
2345232 TGATAA
2345320 TGATAA
2346430 TGATAA
2347673 AGATAA
2348848 AGATAA
2349108 AGATAA
2349557 AGATAA
2349596 AGATAA
2350232 AGATAA
2350396 TGATAG
2352870 TGATAA
2354608 AGATAG
2356691 TGATAA
2357435 AGATAA
2357525 TGATAA
2357791 AGATAA
2359350 TGATAA
2359532 AGATAA
2359863 TGATAG
2360458 AGATAA
2361003 TGATAG
2361270 TGATAA
2361541 AGATAA
2361699 AGATAA
2363064 AGATAA
2363106 AGATAA
2364530 TGATAA
2366158 TGATAA
2368707 AGATAA
2370290 TGATAG
2371608 AGATAA
2372555 TGATAA
2373281 TGATAA
2375812 AGATAG
2376142 AGATAG
2377541 AGATAG
2379455 TGATAA
2380087 TGATAA
2380904 TGATAA
2381522 TGATAA
2381623 AGATAA
2381846 AGATAA
2382842 TGATAA
2382936 AGATAG
2384060 TGATAA
2384276 TGATAA
2384452 TGATAG
2385080 TGATAA
2385697 AGATAA
2387094 AGATAA
2388526 AGATAA
2388601 AGATAG
2388617 AGATAG
2388776 AGATAG
2389790 AGATAA
2390072 AGATAG
2391296 AGATAG
2391938 AGATAA
2392613 AGATAG
2394353 AGATAG
2396689 AGATAA
2399766 TGATAA
2400116 AGATAA
2402262 AGATAA
2402744 AGATAA
2402862 AGATAA
2402885 AGATAA
2403039 AGATAG
2403818 TGATAG
2405344 AGATAA
2407804 AGATAA
2408041 TGATAG
2408862 TGATAG
2409022 AGATAG
2410129 TGATAA
2410429 TGATAG
2411030 TGATAA
2415497 TGATAA
2418488 TGATAG
2419944 TGATAA
2421190 TGATAA
2423628 AGATAA
2423643 TGATAA
2423874 TGATAG
2425967 AGATAG
2426187 TGATAA
2427251 TGATAA
2428330 AGATAA
2428352 TGATAA
2429005 TGATAA
2429602 TGATAA
2430905 AGATAA
2430954 TGATAA
2432422 AGATAA
2434218 TGATAA
2434842 AGATAG
2436021 AGATAA
2437184 AGATAA
2437487 AGATAA
2438594 AGATAG
2441458 TGATAA
2441860 TGATAA
2442276 TGATAA
2442336 AGATAA
2442666 AGATAG
2443371 AGATAG
2444230 TGATAA
2446074 TGATAA
2446621 AGATAA
2448612 TGATAA
2448727 TGATAG
2449097 TGATAG
2449531 AGATAA
2449814 TGATAA
2450179 AGATAA
2450612 AGATAG
2451164 TGATAG
2451443 AGATAA
2451776 TGATAG
2452367 TGATAG
2453887 TGATAG
2454134 TGATAA
2454350 AGATAG
2454818 TGATAA
2455427 AGATAG
2457123 TGATAA
2458990 AGATAA
2459175 AGATAG
2460409 TGATAA
2460665 TGATAA
2460942 AGATAG
2460971 TGATAG
2461563 AGATAA
2461683 TGATAG
2462745 TGATAA
2465836 TGATAG
2465865 TGATAG
2466130 TGATAG
2466153 TGATAA
2467340 TGATAG
2467754 TGATAG
2467928 TGATAA
2468566 TGATAG
2468709 TGATAG
2469177 AGATAA
2471581 TGATAA
2472307 TGATAA
2472367 AGATAA
2472589 AGATAA
2473051 AGATAA
2474320 AGATAG
2474747 AGATAA
2475597 TGATAA
2477543 AGATAG
2478026 TGATAA
2478718 AGATAA
2480020 TGATAA
2480556 TGATAA
2482816 TGATAA
2484359 TGATAA
2489481 AGATAA
2490605 AGATAA
2491474 TGATAA
2493499 TGATAA
2495499 TGATAG
2500645 AGATAA
2501146 AGATAA
2501189 AGATAA
2501461 TGATAA
2501815 AGATAA
2502588 AGATAA
2503051 AGATAG
2503914 TGATAG
2504805 AGATAG
2506282 TGATAG
2507302 AGATAA
2509228 TGATAA
2509898 AGATAA
2510576 TGATAG
2510822 TGATAG
2513037 TGATAG
2514052 TGATAA
2514916 TGATAA
2515297 AGATAG
2515679 AGATAA
2517124 AGATAA
2517903 AGATAG
2518650 AGATAG
2520857 AGATAG
2521955 AGATAA
2522848 TGATAA
2526430 TGATAA
2527386 TGATAG
2528130 TGATAA
2528450 AGATAG
2528666 TGATAA
2528863 TGATAG
2529363 AGATAG
2530447 AGATAA
2532368 AGATAA
2532794 TGATAA
2534100 TGATAG
2535141 TGATAG
2535596 TGATAA
2536632 TGATAA
2537067 TGATAG
2538908 TGATAA
2540747 AGATAG
2541062 AGATAG
2542425 TGATAG
2543063 AGATAG
2543892 AGATAA
2544135 AGATAG
2545922 TGATAG
2546314 AGATAA
2548086 TGATAA
2548673 AGATAA
2549945 AGATAA
2551344 AGATAG
2553163 TGATAA
2554015 AGATAA
2558165 TGATAA
2558517 AGATAA
2559169 TGATAG
2560145 TGATAG
2560409 AGATAA
2560660 TGATAG
2561726 TGATAA
2562255 TGATAA
2562533 AGATAA
2563307 TGATAA
2563332 TGATAA
2565288 AGATAG
2565351 AGATAG
2565668 AGATAA
2571669 TGATAA
2571782 AGATAG
2573054 AGATAA
2573554 TGATAA
2574717 TGATAA
2575719 TGATAG
2575723 AGATAA
2575891 TGATAA
2576992 TGATAA
2578358 AGATAA
2582154 TGATAA
2582909 AGATAA
2583411 TGATAA
2584143 AGATAG
2584930 AGATAA
2585272 TGATAA
2585506 TGATAA
2589098 AGATAA
2589193 TGATAA
2591848 AGATAA
2592412 AGATAG
2592627 AGATAA
2592769 TGATAA
2594162 AGATAA
2594442 TGATAG
2596375 TGATAA
2596402 TGATAA
2597690 TGATAA
2598357 AGATAA
2599737 TGATAG
2600368 TGATAA
2601331 AGATAA
2602340 TGATAG
2607929 TGATAA
2613406 AGATAG
2613806 AGATAA
2616655 AGATAG
2616760 AGATAA
2617976 AGATAA
2618991 TGATAA
2619004 AGATAA
2620003 AGATAA
2621592 AGATAA
2622036 TGATAA
2623294 AGATAA
2624783 AGATAA
2624909 TGATAA
2625764 TGATAA
2626052 AGATAA
2626115 TGATAG
2626451 TGATAA
2626671 TGATAA
2626677 TGATAA
2626699 TGATAG
2626817 AGATAA
2628157 TGATAA
2628921 AGATAA
2629053 TGATAA
2630584 AGATAA
2631179 AGATAG
2631689 TGATAA
2632539 AGATAA
2633884 AGATAA
2634318 AGATAA
2635218 AGATAA
2635637 AGATAA
2635781 AGATAG
2637132 TGATAG
2637911 AGATAG
2639908 TGATAA
2641511 AGATAA
2643092 TGATAA
2643591 AGATAA
2644805 AGATAA
2648484 AGATAG
2649410 TGATAA
2653214 TGATAG
2653427 TGATAA
2654489 AGATAA
2654789 TGATAG
2656494 TGATAA
2656640 TGATAA
2656778 TGATAG
2657134 TGATAA
2657448 TGATAG
2659020 TGATAG
2659024 AGATAA
2659281 TGATAA
2659533 AGATAA
2659956 AGATAA
2660028 AGATAA
2660384 TGATAA
2660475 TGATAA
2660566 TGATAA
2660953 TGATAA
2661591 AGATAA
2662385 TGATAA
2664295 TGATAA
2664496 TGATAG
2664844 TGATAG
2665108 AGATAA
2666448 AGATAA
2668718 AGATAA
2670910 TGATAA
2671042 TGATAA
2671236 TGATAG
2672372 TGATAG
2672465 AGATAG
2673314 TGATAA
2673581 TGATAA
2673637 TGATAG
2674168 AGATAA
2674621 AGATAA
2674702 AGATAA
2674734 AGATAA
2675002 AGATAA
2675419 TGATAA
2676099 TGATAA
2676512 TGATAA
2676740 AGATAA
2677822 AGATAA
2678347 TGATAA
2678362 AGATAA
2679463 TGATAA
2679733 TGATAA
2680483 TGATAA
2680666 TGATAA
2684866 TGATAG
2687373 AGATAG
2687388 TGATAA
2687671 TGATAG
2688346 AGATAA
2688857 TGATAA
2689501 AGATAA
2689514 AGATAA
2689620 TGATAG
2692342 TGATAA
2692996 AGATAG
2694112 TGATAA
2696629 AGATAG
2696830 TGATAA
2698511 AGATAA
2698902 AGATAG
2699158 TGATAG
2701561 AGATAA
2701912 TGATAA
2702430 AGATAG
2702985 AGATAG
2703999 AGATAA
2704931 TGATAG
2706388 AGATAA
2706430 AGATAA
2707316 TGATAG
2707466 TGATAA
2707547 TGATAG
2707945 TGATAG
2710058 AGATAA
2710406 TGATAG
2712771 TGATAA
2713435 AGATAA
2715299 AGATAA
2720382 TGATAA
2721644 TGATAA
2721691 AGATAA
2721839 TGATAA
2723357 AGATAA
2724589 AGATAG
2726270 TGATAA
2727054 TGATAG
2729303 TGATAA
2731522 TGATAA
2731876 AGATAA
2732469 TGATAA
2733170 TGATAA
2733228 AGATAA
2733747 TGATAA
2734250 TGATAA
2734340 AGATAA
2735745 TGATAA
2737720 TGATAA
2738903 AGATAG
2739323 AGATAA
2740688 TGATAA
2741625 AGATAA
2741647 TGATAA
2742142 AGATAA
2743101 AGATAA
2743447 TGATAA
2743806 TGATAG
2745660 TGATAA
2746153 TGATAG
2746979 TGATAA
2748675 TGATAA
2749591 AGATAG
2751937 TGATAA
2752843 AGATAG
2754120 TGATAG
2755367 AGATAG
2755998 TGATAA
2756114 TGATAG
2756479 TGATAG
2757242 TGATAA
2758126 AGATAG
2758495 TGATAG
2758792 TGATAA
2758828 TGATAG
2758977 TGATAA
2759017 AGATAG
2759401 TGATAA
2761494 AGATAA
2764784 TGATAA
2765644 AGATAG
2765813 AGATAA
2767773 TGATAA
2768058 TGATAG
2769130 TGATAA
2769486 AGATAA
2769872 TGATAA
2770072 AGATAA
2770153 TGATAG
2771222 TGATAG
2771805 AGATAA
2771971 AGATAA
2772001 TGATAA
2772283 TGATAA
2772427 TGATAA
2772475 TGATAA
2772667 TGATAA
2772865 TGATAA
2772873 AGATAA
2773714 TGATAG
2774769 AGATAA
2775308 AGATAG
2776705 AGATAG
2780561 TGATAA
2783214 TGATAA
2783517 TGATAA
2784783 TGATAA
2784858 AGATAA
2785563 AGATAA
2786319 AGATAA
2786704 AGATAA
2786769 AGATAA
2787508 AGATAA
2796035 AGATAA
2798505 TGATAA
2807575 TGATAA
2812225 AGATAG
2813871 AGATAA
2816858 AGATAG
2820119 AGATAA
2820203 AGATAG
2820455 AGATAG
2822403 AGATAG
2823854 TGATAG
2828172 AGATAA
2829506 TGATAG
2829586 AGATAG
2830363 TGATAG
2830423 AGATAA
2831161 TGATAG
2833312 AGATAA
2834450 TGATAG
2835059 TGATAA
2835206 AGATAA
2835901 TGATAG
2837501 TGATAA
2837525 TGATAA
2837579 TGATAG
2837601 TGATAA
2840655 TGATAA
2842758 TGATAA
2844461 AGATAA
2844937 TGATAA
2845292 TGATAA
2846076 TGATAG
2846080 AGATAA
2846158 AGATAA
2848098 AGATAG
2851694 AGATAA
2853087 TGATAA
2853480 TGATAG
2854416 TGATAA
2854766 TGATAA
2856643 AGATAA
2856832 TGATAA
2858350 TGATAA
2858963 AGATAG
2859612 TGATAA
2862766 AGATAA
2865829 TGATAA
2866003 AGATAG
2867105 TGATAG
2868075 AGATAG
2868311 TGATAA
2869507 TGATAG
2869744 TGATAA
2871193 AGATAA
2871259 AGATAA
2871416 TGATAA
2871689 AGATAA
2872212 TGATAA
2872320 TGATAG
2872978 AGATAA
2875027 TGATAA
2875546 TGATAA
2877489 TGATAG
2877824 AGATAG
2878679 AGATAA
2878896 TGATAA
2879159 AGATAA
2880148 TGATAA
2881514 TGATAG
2882553 TGATAA
2884366 TGATAG
2884614 AGATAA
2885064 TGATAG
2885152 TGATAA
2885401 TGATAG
2885493 TGATAA
2885759 TGATAA
2887291 AGATAG
2888136 TGATAA
2889718 AGATAA
2890135 AGATAA
2890171 AGATAA
2890598 TGATAA
2891654 TGATAA
2891844 TGATAA
2892267 AGATAA
2892573 TGATAA
2894096 TGATAA
2894338 AGATAG
2896002 AGATAG
2896265 TGATAG
2897428 AGATAA
2897453 TGATAA
2898386 AGATAA
2898749 AGATAG
2899857 TGATAG
2900540 TGATAA
2901490 TGATAA
2902016 AGATAA
2903664 TGATAA
2904538 AGATAG
2904650 AGATAA
2904858 AGATAA
2906561 AGATAA
2906847 AGATAA
2910280 TGATAA
2910714 TGATAA
2912003 TGATAA
2914274 TGATAA
2916039 AGATAG
2916955 AGATAA
2917277 TGATAA
2918319 AGATAA
2918583 TGATAA
2919286 AGATAA
2919533 AGATAA
2919839 AGATAA
2920863 TGATAG
2921110 TGATAA
2921786 TGATAG
2922548 AGATAG
2926089 TGATAG
2929453 AGATAA
2930707 TGATAA
2930943 TGATAA
2931465 TGATAG
2931606 TGATAA
2932297 AGATAA
2932963 TGATAA
2934306 TGATAA
2935755 AGATAA
2937675 TGATAG
2938009 TGATAA
2939122 TGATAA
2939783 AGATAA
2941278 AGATAA
2941597 TGATAA
2942655 AGATAA
2944208 TGATAG
2945237 AGATAA
2945900 TGATAA
2947163 TGATAA
2949227 AGATAA
2950603 AGATAA
2950660 AGATAA
2950951 AGATAA
2951719 TGATAA
2951753 TGATAA
2952481 TGATAA
2953183 TGATAA
2953400 TGATAA
2953423 AGATAA
2955182 AGATAA
2955779 AGATAG
2955965 AGATAG
2956071 TGATAA
2956514 AGATAG
2957814 TGATAA
2958168 AGATAA
2958306 AGATAG
2959073 TGATAA
2959084 TGATAA
2959512 AGATAA
2959680 AGATAA
2959779 AGATAA
2959878 TGATAG
2960106 AGATAA
2960242 AGATAA
2961991 TGATAA
2962384 AGATAG
2962480 TGATAA
2962683 TGATAA
2962962 AGATAA
2963713 AGATAA
2964042 AGATAG
2965584 AGATAG
2971111 AGATAG
2971964 AGATAG
2972333 AGATAG
2972469 TGATAG
2973038 AGATAG
2974088 AGATAA
2975390 TGATAA
2975812 AGATAA
2976223 TGATAA
2976931 AGATAA
2980191 TGATAG
2980387 AGATAA
2980413 TGATAA
2980856 TGATAA
2981377 AGATAA
2981902 TGATAA
2983147 TGATAA
2983781 AGATAG
2983863 AGATAA
2985338 AGATAG
2985399 TGATAA
2986425 TGATAA
2987672 TGATAG
2987816 AGATAA
2988759 AGATAG
2988780 AGATAA
2989089 AGATAA
2989216 AGATAA
2989408 TGATAG
2989711 TGATAG
2989768 AGATAA
2989978 AGATAA
2990450 AGATAA
2990795 AGATAA
2990957 TGATAG
2991151 TGATAA
2991343 TGATAA
2991550 AGATAA
2991739 AGATAA
2991838 AGATAA
2992145 AGATAA
2992189 AGATAA
2992256 AGATAA
2993706 TGATAA
2994200 TGATAG
2994259 TGATAA
2995813 AGATAA
2996092 AGATAA
2996882 AGATAA
2996997 AGATAA
2997507 TGATAA
3000029 TGATAA
3002826 TGATAG
3003900 TGATAA
3004007 AGATAG
3007405 TGATAA
3007810 TGATAA
3008470 TGATAG
3010554 TGATAA
3011969 TGATAA
3013819 TGATAA
3013856 TGATAA
3016012 TGATAA
3016984 TGATAA
3021499 TGATAA
3022277 AGATAA
3024004 TGATAG
3029129 AGATAA
3029201 AGATAA
3029707 TGATAG
3030295 TGATAG
3030758 TGATAA
3032523 TGATAA
3032681 AGATAA
3034340 TGATAA
3034417 TGATAA
3035535 AGATAA
3036366 AGATAG
3036422 AGATAA
3037187 AGATAG
3040733 AGATAG
3040747 AGATAA
3040812 AGATAA
3040955 TGATAG
3041684 TGATAG
3043825 TGATAA
3045303 TGATAA
3045426 TGATAA
3046008 TGATAA
3047752 TGATAA
3048483 AGATAA
3049344 AGATAA
3049788 TGATAA
3050103 TGATAA
3050179 TGATAG
3050542 TGATAA
3052503 TGATAA
3053197 AGATAA
3057004 AGATAA
3058684 TGATAG
3059404 TGATAA
3060993 TGATAA
3064160 TGATAA
3064705 TGATAG
3064756 AGATAA
3064968 TGATAA
3065263 AGATAG
3065521 TGATAG
3065803 TGATAA
3066185 AGATAG
3066280 TGATAA
3066694 TGATAG
3066895 TGATAA
3068100 TGATAA
3068165 AGATAA
3068334 AGATAA
3072868 TGATAA
3074999 TGATAA
3075011 TGATAA
3075977 AGATAG
3076357 AGATAA
3076487 TGATAA
3076919 TGATAA
3078984 TGATAG
3080718 AGATAA
3081969 AGATAA
3082912 AGATAA
3083349 AGATAG
3084469 AGATAA
3086131 AGATAA
3086195 AGATAA
3092042 TGATAA
3092149 TGATAA
3092671 AGATAG
3093307 AGATAA
3096202 AGATAA
3096363 AGATAA
3096489 TGATAA
3096883 TGATAA
3097442 TGATAG
3099415 TGATAA
3099692 TGATAA
3099774 TGATAA
3099967 AGATAA
3100944 TGATAA
3102377 AGATAA
3103008 TGATAA
3103308 TGATAA
3103389 TGATAA
3103657 TGATAG
3105630 AGATAG
3106476 AGATAG
3108308 TGATAG
3109746 TGATAG
3109877 AGATAA
3110541 TGATAA
3111033 AGATAA
3111230 TGATAG
3111285 TGATAA
3111544 TGATAA
3111580 AGATAA
3111815 TGATAA
3113127 AGATAA
3114984 AGATAG
3115302 AGATAG
3115774 TGATAA
3115978 TGATAA
3116337 TGATAA
3116853 AGATAA
3117242 TGATAG
3117397 AGATAG
3117453 TGATAA
3117662 TGATAA
3118124 AGATAG
3118130 AGATAA
3118976 AGATAA
3119151 AGATAA
3119561 TGATAA
3121031 TGATAG
3121270 TGATAG
3122837 TGATAG
3123206 TGATAG
3123320 AGATAG
3123365 TGATAG
3123561 TGATAG
3126660 TGATAA
3127701 TGATAA
3130449 TGATAG
3131067 AGATAG
3131683 AGATAG
3131687 AGATAA
3131758 AGATAA
3131833 AGATAA
3134074 AGATAA
3134841 TGATAG
3135360 TGATAG
3135792 TGATAA
3136186 AGATAA
3137596 AGATAA
3138622 AGATAA
3139794 TGATAA
3140682 TGATAG
3141375 AGATAA
3143724 TGATAA
3144036 AGATAG
3144126 AGATAA
3144452 AGATAA
3144866 AGATAA
3145501 AGATAA
3147026 AGATAG
3148695 TGATAA
3149068 AGATAA
3149165 AGATAA
3149423 AGATAA
3149608 AGATAG
3150068 TGATAG
3151548 AGATAA
3152775 TGATAA
3155113 TGATAA
3155261 AGATAA
3156021 TGATAA
3156903 TGATAA
3157609 AGATAA
3157982 TGATAG
3159155 AGATAG
3159182 TGATAA
3159963 TGATAG
3161298 AGATAG
3161978 TGATAA
3163232 TGATAA
3163328 TGATAA
3164232 TGATAG
3164239 AGATAG
3164484 AGATAG
3165339 AGATAG
3166321 AGATAA
3166367 AGATAG
3166416 TGATAA
3166427 TGATAA
3166654 AGATAG
3167138 TGATAA
3167442 TGATAG
3167739 AGATAG
3167862 TGATAG
3168162 TGATAG
3169644 TGATAA
3170016 AGATAA
3171062 TGATAA
3172771 TGATAG
3173720 AGATAG
3174631 TGATAG
3175186 TGATAG
3176726 TGATAA
3177539 TGATAG
3183317 AGATAA
3184031 TGATAA
3184164 TGATAG
3184944 TGATAA
3185412 TGATAA
3185642 TGATAA
3186782 TGATAA
3187775 TGATAA
3188018 AGATAA
3188179 TGATAA
3188264 AGATAA
3188805 TGATAA
3189252 AGATAA
3190160 AGATAA
3191136 TGATAG
3191286 AGATAA
3193696 AGATAA
3195339 TGATAA
3195477 AGATAA
3195547 AGATAA
3197298 AGATAG
3198397 TGATAG
3198518 AGATAG
3199058 AGATAG
3201220 TGATAA
3201456 TGATAA
3203355 TGATAG
3204297 TGATAA
3205912 TGATAG
3210705 AGATAA
3212315 TGATAA
3213196 TGATAA
3213959 AGATAA
3214564 TGATAA
3214583 TGATAA
3214625 TGATAA
3215515 TGATAA
3216575 AGATAA
3217381 AGATAG
3217405 TGATAA
3218702 TGATAA
3226814 TGATAG
3226952 TGATAA
3228083 TGATAG
3228198 AGATAA
3228804 AGATAA
3231599 TGATAG
3232509 TGATAA
3233910 TGATAA
3236300 AGATAG
3237545 TGATAA
3239765 TGATAA
3241058 TGATAG
3244759 TGATAA
3245587 TGATAA
3247175 AGATAG
3249821 TGATAA
3250057 TGATAA
3250162 AGATAA
3251666 AGATAA
3253022 TGATAG
3254852 AGATAG
3257328 AGATAA
3257897 TGATAA
3258606 TGATAG
3259637 AGATAA
3259850 AGATAA
3261940 TGATAG
3262032 AGATAG
3262057 AGATAG
3262149 AGATAA
3262738 TGATAA
3265444 TGATAA
3265802 TGATAG
3266942 AGATAA
3267233 AGATAA
3267476 AGATAA
3269747 AGATAA
3270165 TGATAA
3270899 AGATAA
3271991 AGATAA
3272099 AGATAA
3272142 TGATAA
3272280 AGATAA
3273365 AGATAA
3273389 TGATAA
3279234 TGATAG
3279644 TGATAG
3282095 AGATAA
3282223 TGATAA
3283672 AGATAA
3284664 AGATAA
3285575 TGATAA
3285749 AGATAA
3285884 TGATAA
3286058 AGATAA
3286293 AGATAA
3286395 TGATAA
3287410 TGATAA
3287977 TGATAG
3289505 AGATAA
3289756 AGATAA
3290978 TGATAG
3292056 TGATAA
3293569 TGATAA
3294072 TGATAA
3295077 AGATAA
3296182 TGATAA
3297429 TGATAA
3297833 AGATAA
3299480 TGATAG
3301474 TGATAA
3301864 TGATAA
3302326 TGATAA
3302532 TGATAA
3302913 AGATAG
3303216 TGATAA
3305131 AGATAA
3306431 AGATAA
3306473 TGATAA
3308999 TGATAG
3311280 TGATAA
3311524 AGATAA
3313087 TGATAG
3313350 TGATAA
3315676 TGATAA
3316080 AGATAA
3318272 AGATAA
3318987 TGATAA
3319288 AGATAA
3321529 TGATAA
3321832 AGATAA
3322954 TGATAA
3324308 AGATAG
3324650 AGATAG
3326189 TGATAA
3326760 TGATAG
3326882 TGATAG
3327390 TGATAG
3327933 TGATAG
3328557 TGATAA
3328706 TGATAA
3328779 TGATAA
3328841 AGATAA
3328986 TGATAA
3329903 AGATAA
3329956 TGATAA
3330270 AGATAA
3330900 TGATAA
3333335 TGATAA
3333546 TGATAA
3333765 AGATAA
3334233 AGATAG
3334907 TGATAA
3335560 TGATAG
3335746 AGATAA
3336247 AGATAG
3337043 AGATAA
3337302 TGATAA
3338877 TGATAA
3339077 TGATAA
3341114 TGATAA
3341150 AGATAA
3342688 TGATAG
3344427 TGATAA
3344460 AGATAA
3345738 TGATAA
3348333 TGATAA
3350185 AGATAA
3350869 AGATAG
3351203 AGATAG
3351572 TGATAA
3351830 AGATAG
3352076 TGATAG
3352417 AGATAA
3353840 AGATAA
3355583 TGATAA
3356369 TGATAA
3361012 TGATAG
3362630 TGATAG
3363026 AGATAG
3364830 TGATAG
3365009 TGATAG
3365240 AGATAG
3365333 AGATAA
3365369 TGATAG
3365641 TGATAA
3365661 TGATAA
3365843 AGATAA
3367195 TGATAA
3367990 TGATAA
3369806 TGATAA
3370397 AGATAA
3370945 TGATAG
3371080 TGATAG
3371623 TGATAA
3371852 TGATAA
3372201 TGATAG
3372656 AGATAA
3373555 AGATAA
3374518 AGATAG
3374760 AGATAG
3374960 AGATAG
3375590 TGATAG
3376446 TGATAG
3376988 TGATAA
3377741 TGATAG
3377909 TGATAA
3380880 TGATAA
3381234 TGATAA
3381938 TGATAA
3382064 AGATAA
3382309 TGATAA
3382536 TGATAA
3382608 TGATAA
3384579 TGATAA
3384985 AGATAA
3385234 TGATAA
3385257 TGATAA
3385440 AGATAA
3386855 TGATAA
3386897 TGATAG
3387287 TGATAA
3388362 AGATAA
3389916 TGATAG
3390154 TGATAA
3390245 TGATAA
3390336 TGATAA
3390552 TGATAG
3391935 TGATAA
3392155 TGATAA
3392206 TGATAA
3393916 TGATAG
3394784 TGATAA
3394942 AGATAA
3395194 TGATAA
3395251 AGATAA
3395309 TGATAA
3395428 AGATAG
3395897 TGATAG
3397203 AGATAA
3397627 AGATAA
3398514 TGATAG
3398580 AGATAA
3400107 TGATAA
3400912 TGATAA
3400983 TGATAA
3403139 TGATAA
3407070 TGATAA
3407363 AGATAA
3408965 TGATAG
3411342 AGATAG
3411786 TGATAA
3413485 TGATAA
3416336 TGATAA
3416687 AGATAA
3417076 TGATAG
3418774 AGATAA
3421395 AGATAA
3422188 AGATAG
3423869 TGATAA
3424653 TGATAG
3426908 TGATAA
3428213 TGATAG
3430325 TGATAA
3430936 TGATAA
3433180 TGATAG
3433577 TGATAA
3434520 AGATAA
3435855 AGATAA
3437571 AGATAA
3439290 TGATAA
3440017 TGATAG
3440966 AGATAA
3441545 AGATAA
3441887 AGATAG
3444188 AGATAA
3445479 TGATAG
3445822 AGATAA
3450088 TGATAG
3452254 AGATAA
3454350 TGATAA
3457771 TGATAA
3458884 AGATAA
3460538 TGATAA
3461145 AGATAA
3461436 AGATAG
3461513 AGATAA
3462017 AGATAG
3462268 TGATAG
3462377 AGATAG
3463200 TGATAA
3464204 TGATAA
3464298 AGATAA
3464715 AGATAA
3465365 AGATAG
3465675 AGATAG
3467142 AGATAA
3470962 TGATAG
3471846 TGATAA
3473788 AGATAG
3474989 TGATAA
3476478 TGATAG
3477800 AGATAA
3478418 TGATAA
3479275 TGATAA
3481230 AGATAA
3482478 AGATAA
3482487 TGATAG
3484041 TGATAG
3489150 AGATAA
3489234 TGATAA
3489931 TGATAA
3492100 TGATAA
3493276 TGATAA
3497549 TGATAA
3497763 TGATAA
3499300 TGATAA
3502504 TGATAG
3502786 TGATAA
3503402 TGATAA
3504408 AGATAG
3504679 TGATAA
3505048 AGATAG
3506753 TGATAA
3509722 TGATAA
3509917 AGATAA
3510154 AGATAA
3510347 TGATAA
3510411 AGATAA
3510516 TGATAA
3510782 TGATAG
3511722 TGATAA
3512704 AGATAG
3513657 TGATAG
3514029 AGATAA
3515392 TGATAA
3516152 TGATAA
3516778 AGATAA
3517116 TGATAA
3517349 TGATAA
3517512 TGATAA
3518919 TGATAG
3520640 TGATAA
3521484 TGATAG
3523575 TGATAA
3524551 TGATAA
3528541 TGATAG
3529263 AGATAG
3529298 TGATAA
3529761 TGATAA
3529901 AGATAA
3530141 AGATAG
3531042 AGATAA
3533093 AGATAG
3533795 AGATAA
3534535 AGATAA
3537082 TGATAA
3537774 AGATAA
3538048 TGATAG
3538417 TGATAA
3539249 AGATAA
3540122 AGATAA
3540810 AGATAA
3542249 AGATAG
3542998 AGATAA
3545894 TGATAA
3547058 AGATAA
3547766 TGATAA
3548129 TGATAA
3548736 AGATAA
3550070 TGATAG
3551306 TGATAA
3552980 AGATAA
3554909 AGATAA
3555676 TGATAA
3556132 TGATAA
3557604 AGATAA
3558147 AGATAA
3558781 AGATAA
3558934 TGATAA
3559281 AGATAA
3559646 TGATAA
3559907 AGATAA
3560057 TGATAG
3560787 AGATAA
3561675 AGATAA
3561886 TGATAA
3562203 TGATAG
3563696 TGATAA
3564989 TGATAG
3565559 TGATAG
3566683 AGATAG
3568200 TGATAA
3568452 TGATAA
3569160 AGATAA
3569361 AGATAG
3569465 TGATAG
3570425 TGATAG
3570623 TGATAA
3571183 AGATAA
3571277 TGATAG
3573009 TGATAG
3574057 TGATAG
3576163 TGATAG
3576192 AGATAG
3576465 TGATAA
3576768 AGATAG
3577726 TGATAG
3579167 AGATAG
3579648 AGATAG
3579849 TGATAA
3580082 TGATAA
3582247 AGATAA
3582963 TGATAA
3584221 AGATAG
3585179 AGATAA
3587422 AGATAA
3587692 TGATAA
3588611 TGATAG
3588728 AGATAG
3588843 AGATAA
3588852 AGATAA
3588887 AGATAA
3588999 AGATAA
3589308 AGATAA
3590456 AGATAG
3590663 TGATAA
3590889 AGATAG
3590943 TGATAA
3591607 AGATAG
3592208 AGATAA
3592922 AGATAG
3593602 AGATAG
3595179 TGATAA
3595558 TGATAG
3595706 TGATAA
3595750 AGATAA
3595770 TGATAG
3595774 AGATAA
3597004 TGATAA
3597277 TGATAG
3598204 AGATAG
3599152 TGATAA
3599681 AGATAG
3599765 AGATAA
3600735 AGATAA
3601173 AGATAA
3601518 TGATAA
3601620 TGATAA
3602495 TGATAG
3602843 AGATAA
3603599 TGATAA
3604397 TGATAA
3605777 TGATAA
3606296 AGATAA
3606666 AGATAA
3607868 AGATAA
3607924 TGATAA
3608039 TGATAA
3608635 AGATAA
3609032 TGATAA
3609232 TGATAA
3609578 TGATAA
3612591 TGATAA
3613047 TGATAA
3617555 TGATAA
3618230 TGATAA
3618743 TGATAA
3621019 TGATAG
3621029 AGATAA
3621047 AGATAG
3621101 AGATAA
3621254 AGATAG
3621320 AGATAA
3621377 AGATAA
3621883 AGATAG
3622172 AGATAA
3622211 TGATAA
3622702 TGATAA
3623437 TGATAA
3624405 TGATAA
3625061 TGATAA
3625316 TGATAA
3626177 AGATAG
3628956 AGATAG
3629322 AGATAG
3629379 TGATAA
3629685 TGATAA
3630293 TGATAA
3632015 TGATAG
3632159 AGATAA
3632646 AGATAA
3634162 AGATAA
3635245 AGATAA
3635535 AGATAA
3635620 TGATAA
3637307 TGATAA
3637618 TGATAG
3637871 AGATAG
3639353 TGATAG
3639384 TGATAG
3640646 AGATAA
3641104 AGATAA
3641650 AGATAA
3643502 AGATAA
3643805 AGATAG
3645888 AGATAA
3646318 AGATAA
3648477 AGATAA
3649102 TGATAG
3649173 AGATAA
3651967 TGATAA
3654975 TGATAG
3655028 AGATAA
3656121 TGATAA
3656182 TGATAA
3656444 AGATAA
3656458 TGATAA
3658867 TGATAA
3659701 AGATAA
3660238 AGATAA
3662588 TGATAA
3662783 TGATAA
3663379 TGATAA
3663464 AGATAA
3663905 TGATAA
3663940 TGATAA
3664545 AGATAA
3664738 AGATAA
3665464 TGATAA
3665739 TGATAA
3665913 TGATAG
3666180 TGATAG
3667142 AGATAA
3667319 TGATAG
3667360 AGATAG
3674515 TGATAA
3676258 TGATAG
3676410 AGATAG
3677094 TGATAG
3679131 TGATAG
3679135 AGATAA
3679334 TGATAG
3679538 AGATAA
3680797 AGATAA
3681187 TGATAA
3681816 TGATAA
3682608 TGATAG
3683225 AGATAG
3683467 AGATAA
3685970 TGATAA
3688370 TGATAG
3690016 TGATAG
3690094 TGATAA
3690229 AGATAA
3692724 AGATAA
3693011 AGATAA
3694404 TGATAA
3694457 TGATAA
3697162 TGATAA
3697375 AGATAA
3700236 AGATAA
3703377 AGATAG
3704061 TGATAA
3704745 TGATAA
3704844 AGATAA
3706477 TGATAG
3706645 TGATAG
3707162 AGATAA
3707738 TGATAA
3707779 TGATAA
3707884 AGATAA
3708083 AGATAA
3708522 TGATAA
3708581 AGATAA
3708990 AGATAA
3709674 AGATAA
3709975 TGATAG
3710010 TGATAA
3710289 AGATAG
3711164 TGATAA
3713144 AGATAA
3713917 TGATAA
3717232 TGATAG
3720253 AGATAA
3721471 AGATAA
3721513 AGATAA
3723096 TGATAG
3723829 TGATAA
3723932 TGATAA
3725128 AGATAA
3725208 TGATAA
3725301 AGATAG
3725509 TGATAG
3725712 AGATAA
3725964 TGATAG
3725997 TGATAA
3726396 AGATAA
3726809 AGATAA
3727478 AGATAA
3728889 AGATAA
3729041 AGATAA
3729382 TGATAA
3729623 AGATAA
3730282 TGATAA
3731682 TGATAA
3732927 TGATAA
3733147 TGATAA
3733762 AGATAA
3734270 TGATAA
3736409 TGATAG
3738377 TGATAA
3738949 AGATAG
3740607 AGATAA
3741756 AGATAA
3746927 AGATAG
3748286 AGATAG
3749914 AGATAA
3750995 AGATAA
3751202 TGATAA
3751607 AGATAA
3751823 TGATAA
3752276 AGATAA
3752935 TGATAA
3753137 TGATAA
3753576 AGATAG
3754067 TGATAG
3754647 AGATAG
3756592 TGATAA
3756774 AGATAA
3757448 TGATAA
3760546 TGATAA
3761221 TGATAA
3761734 TGATAA
3764014 TGATAA
3764121 TGATAG
3764333 AGATAG
3764550 TGATAA
3764622 AGATAA
3764661 TGATAA
3764772 TGATAA
3764826 TGATAA
3764922 TGATAA
3765018 AGATAA
3765105 TGATAA
3765180 TGATAA
3766182 AGATAG
3766913 TGATAA
3767251 AGATAG
3767498 TGATAA
3767678 AGATAA
3767730 TGATAA
3767803 TGATAA
3767984 AGATAA
3768281 AGATAA
3768482 TGATAA
3768965 TGATAA
3769203 TGATAG
3769558 TGATAG
3769592 AGATAA
3769675 AGATAA
3775121 AGATAA
3775476 TGATAG
3780603 AGATAA
3780749 TGATAA
3781272 AGATAA
3783590 AGATAA
3784703 TGATAA
3786114 AGATAA
3787397 TGATAA
3787454 AGATAA
3788217 AGATAA
3788307 AGATAA
3789859 TGATAA
3790183 AGATAA
3790416 AGATAG
3790554 TGATAA
3790634 AGATAA
3790704 AGATAG
3790945 AGATAG
3791309 TGATAG
3791681 TGATAA
3792068 TGATAA
3794570 TGATAA
3795034 AGATAA
3795067 TGATAA
3795251 AGATAA
3795988 AGATAA
3796442 TGATAA
3796927 TGATAA
3797496 TGATAA
3798218 TGATAA
3798353 AGATAA
3799030 AGATAA
3799636 AGATAA
3799906 AGATAA
3800092 AGATAG
3800338 TGATAA
3800692 AGATAA
3801551 TGATAA
3801756 TGATAG
3802692 AGATAA
3802925 TGATAA
3804251 TGATAA
3804623 TGATAA
3805222 TGATAA
3805507 TGATAG
3806026 TGATAA
3806241 TGATAA
3806345 AGATAA
3808967 TGATAA
3809219 AGATAA
3810707 TGATAA
3811880 AGATAA
3812716 AGATAG
3813247 TGATAG
3815810 AGATAA
3819208 AGATAG
3820730 TGATAA
3822833 TGATAA
3824571 TGATAG
3825267 TGATAG
3825417 TGATAA
3826009 AGATAG
3826140 AGATAG
3828375 AGATAA
3829045 TGATAA
3833066 AGATAG
3834139 TGATAA
3835534 TGATAG
3835684 TGATAA
3837261 TGATAA
3837409 TGATAA
3838819 AGATAA
3839185 TGATAA
3839954 TGATAA
3841877 TGATAA
3841943 TGATAA
3841962 TGATAA
3842087 TGATAA
3844129 AGATAG
3844601 AGATAA
3845257 AGATAG
3845398 AGATAA
3845475 AGATAA
3846322 TGATAA
3847573 TGATAA
3847674 AGATAG
3848107 AGATAA
3848384 AGATAA
3849645 TGATAA
3850154 AGATAA
3850388 AGATAG
3851133 AGATAA
3851868 TGATAG
3851939 TGATAA
3853233 TGATAG
3853494 AGATAG
3853542 TGATAA
3853696 AGATAA
3853875 TGATAG
3855687 TGATAA
3856038 AGATAG
3856146 TGATAG
3856695 TGATAA
3856781 AGATAG
3857649 AGATAG
3857778 TGATAA
3857846 AGATAG
3860905 AGATAA
3861190 TGATAA
3862675 TGATAA
3863338 AGATAA
3863596 AGATAA
3863674 TGATAG
3864311 AGATAA
3864517 TGATAG
3865188 AGATAG
3865751 TGATAA
3866073 TGATAA
3866350 AGATAA
3867133 AGATAA
3867788 TGATAA
3867980 TGATAA
3868372 AGATAG
3868795 AGATAA
3869013 AGATAA
3869178 TGATAA
3869206 AGATAA
3869706 AGATAA
3872257 AGATAA
3872435 TGATAA
3872897 TGATAA
3873624 AGATAG
3875487 TGATAA
3875542 TGATAA
3875684 TGATAA
3876095 TGATAA
3876307 TGATAG
3876311 AGATAA
3876670 TGATAA
3876728 TGATAA
3879178 AGATAA
3879650 AGATAA
3882872 TGATAG
3882986 TGATAA
3888926 AGATAA
3889205 TGATAA
3892121 TGATAA
3892650 TGATAG
3893404 AGATAA
3893599 AGATAA
3895649 TGATAA
3897624 TGATAG
3898058 TGATAG
3898202 AGATAA
3900663 TGATAA
3901134 TGATAA
3901536 TGATAA
3902772 TGATAA
3902784 AGATAA
3902819 TGATAG
3902854 TGATAA
3903982 TGATAA
3904349 AGATAA
3904764 TGATAA
3904961 AGATAA
3905827 AGATAG
3907139 AGATAA
3907676 TGATAA
3907775 AGATAA
3908018 AGATAA
3909656 AGATAA
3911075 AGATAA
3911908 TGATAG
3912385 TGATAA
3912504 TGATAA
3913801 AGATAG
3913805 AGATAA
3914292 TGATAA
3914524 TGATAG
3914592 TGATAA
3915599 TGATAA
3917969 TGATAA
3919283 AGATAG
3920699 TGATAA
3921070 TGATAA
3924318 TGATAA
3924456 TGATAA
3924653 TGATAA
3925012 AGATAA
3927036 TGATAG
3927393 TGATAG
3929346 TGATAA
3929562 AGATAA
3934683 TGATAA
3935118 AGATAA
3935552 TGATAA
3937332 TGATAA
3937748 TGATAA
3938796 TGATAA
3940994 TGATAA
3941412 TGATAG
3942525 AGATAG
3944461 AGATAA
3944558 TGATAG
3945442 AGATAA
3945910 AGATAG
3946551 TGATAA
3946889 AGATAA
3946934 TGATAA
3947829 TGATAA
3948814 TGATAA
3950016 TGATAA
3951399 AGATAA
3953484 TGATAA
3954909 TGATAG
3956960 TGATAA
3957350 AGATAA
3958225 TGATAA
3958288 TGATAA
3960456 AGATAA
3961113 AGATAA
3961887 TGATAA
3962581 TGATAG
3963441 AGATAA
3968360 AGATAA
3970557 TGATAA
3970906 AGATAA
3971797 AGATAA
3972731 TGATAG
3974509 TGATAA
3975687 TGATAG
3978136 AGATAA
3978914 AGATAA
3980044 TGATAA
3981275 AGATAA
3981966 AGATAA
3984079 TGATAA
3985046 TGATAA
3985540 AGATAG
3985603 TGATAA
3986253 AGATAG
3987375 TGATAA
3991076 AGATAG
3991928 TGATAA
3992502 TGATAG
3992636 AGATAA
3998411 AGATAA
3999313 TGATAG
4000567 AGATAG
4000954 TGATAG
4001052 AGATAA
4001113 AGATAA
4001927 AGATAA
4002394 AGATAA
4002658 TGATAA
4005271 TGATAA
4006201 TGATAA
4013452 TGATAG
4017323 AGATAA
4019207 AGATAA
4019693 TGATAA
4020590 AGATAA
4020743 TGATAA
4022636 TGATAG
4023333 TGATAA
4027694 TGATAG
4030244 TGATAG
4031378 TGATAG
4031676 AGATAA
4032498 TGATAA
4034717 TGATAA
4035196 TGATAA
4036340 AGATAG
4038277 AGATAA
4038374 TGATAG
4038524 TGATAA
4039837 TGATAG
4040784 TGATAA
4041625 TGATAA
4042140 TGATAA
4043036 TGATAA
4043480 TGATAA
4044814 TGATAA
4044967 TGATAA
4045548 TGATAA
4046070 TGATAA
4048592 TGATAA
4048768 TGATAA
4049910 TGATAA
4052943 TGATAG
4052996 AGATAA
4053017 TGATAG
4053320 TGATAG
4054477 AGATAG
4055621 AGATAG
4056134 AGATAA
4059465 AGATAA
4059996 TGATAA
4060100 AGATAA
4061105 AGATAA
4062285 AGATAA
4062537 AGATAA
4062875 AGATAA
4063623 AGATAA
4064775 TGATAG
4065042 AGATAA
4065098 AGATAA
4065410 AGATAG
4066208 AGATAG
4066238 AGATAG
4068179 TGATAG
4068338 TGATAA
4068631 TGATAA
4069444 TGATAG
4071336 AGATAA
4071410 TGATAA
4074129 AGATAA
4076644 AGATAA
4076689 TGATAG
4076767 AGATAA
4077888 TGATAA
4078118 TGATAA
4078451 TGATAG
4078770 AGATAA
4079390 TGATAA
4079486 AGATAA
4080771 TGATAA
4081240 AGATAA
4081363 TGATAA
4083619 AGATAG
4085092 TGATAA
4085668 TGATAA
4085785 AGATAA
4085944 AGATAA
4086090 TGATAA
4086217 AGATAG
4087315 AGATAA
4087445 AGATAA
4087699 TGATAG
4087756 AGATAG
4088004 AGATAA
4089049 AGATAA
4089745 AGATAG
4090740 TGATAA
4091327 AGATAG
4092437 TGATAA
4093008 TGATAG
4093709 AGATAG
4094474 TGATAA
4094513 AGATAA
4094707 AGATAA
4095055 TGATAA
4095097 TGATAA
4097429 AGATAG
4098184 TGATAA
4098258 AGATAA
4098738 TGATAA
4099161 TGATAA
4099716 AGATAA
4101286 TGATAG
4101536 TGATAA
4102564 AGATAA
4103013 AGATAG
4103400 AGATAG
4104474 TGATAG
4107011 TGATAA
4107146 TGATAA
4107527 AGATAA
4107983 TGATAG
4108605 TGATAA
4109664 AGATAG
4110133 AGATAA
4111003 AGATAA
4111051 TGATAA
4112631 AGATAG
4113905 AGATAG
4114082 TGATAA
4114731 AGATAA
4114950 AGATAG
4117315 TGATAG
4117686 TGATAA
4117954 TGATAG
4118716 TGATAG
4119991 TGATAA
4121482 TGATAA
4122548 AGATAG
4123826 TGATAG
4124129 AGATAA
4124567 TGATAG
4124777 AGATAG
4125585 AGATAA
4126049 TGATAA
4126545 TGATAA
4135243 TGATAG
4135887 TGATAA
4136246 TGATAA
4136636 AGATAG
4136667 AGATAA
4138874 AGATAA
4139189 TGATAA
4142334 AGATAA
4146317 AGATAG
4146548 TGATAA
4146695 AGATAA
4147677 TGATAA
4147765 TGATAA
4150177 AGATAG
4151149 TGATAG
4151771 TGATAA
4152187 TGATAA
4152890 TGATAG
4154249 AGATAG
4154675 TGATAG
4156443 TGATAG
4158136 TGATAG
4158269 AGATAA
4158697 TGATAA
4159810 AGATAG
4160418 TGATAA
4161040 TGATAA
4162296 AGATAA
4162389 TGATAA
4163301 TGATAA
4163916 AGATAG
4165845 TGATAA
4166263 TGATAG
4166377 TGATAA
4167462 AGATAG
4169398 AGATAA
4169495 TGATAG
4169644 TGATAA
4171601 AGATAA
4171946 TGATAA
4172775 TGATAA
4173223 TGATAA
4176121 TGATAA
4178122 AGATAA
4179152 TGATAG
4179965 TGATAA
4181351 TGATAA
4187583 TGATAA
4188173 AGATAA
4188782 AGATAG
4189346 TGATAA
4189649 AGATAA
4189730 AGATAG
4191157 TGATAA
4192022 TGATAA
4192425 TGATAA
4192576 TGATAA
4193001 TGATAG
4194447 AGATAA
4195655 TGATAG
4198046 TGATAA
4199796 TGATAA
4199891 TGATAA
4203197 AGATAA
4207333 TGATAA
4207751 TGATAG
4208864 AGATAG
4210800 AGATAA
4210897 TGATAG
4211047 TGATAA
4211603 TGATAG
4212050 TGATAG
4212976 AGATAA
4213239 TGATAG
4213673 TGATAA
4213777 AGATAA
4218572 AGATAA
4218582 AGATAA
4219490 TGATAA
4220007 TGATAA
4222905 AGATAG
4227405 TGATAA
4229713 TGATAA
4229775 AGATAA
4232640 TGATAA
4233357 TGATAA
4233623 AGATAA
4235964 AGATAA
4236180 TGATAA
4237509 TGATAG
4238015 TGATAA
4239304 TGATAA
4239912 AGATAA
4240401 TGATAA
4240418 TGATAA
4241427 AGATAG
4243513 AGATAG
4244183 AGATAA
4245986 AGATAG
4246664 TGATAA
4246829 TGATAA
4247219 TGATAA
4248403 TGATAA
4248726 TGATAA
4248850 AGATAA
4249177 TGATAA
4249585 AGATAA
4249750 AGATAA
4249861 TGATAA
4250002 AGATAA
4250919 AGATAG
4252135 TGATAA
4254163 AGATAG
4255838 TGATAA
4255934 TGATAG
4257899 TGATAG
4258277 TGATAG
4258350 AGATAA
4258426 AGATAA
4258435 AGATAA
4261160 TGATAA
4261862 AGATAA
4262291 TGATAA
4262464 AGATAA
4266436 AGATAA
4267167 AGATAA
4267333 AGATAA
4268014 TGATAA
4270600 AGATAG
4270690 TGATAA
4272272 TGATAA
4272856 AGATAG
4273485 TGATAG
4273792 TGATAA
4273818 TGATAG
4274481 TGATAG
4274490 AGATAA
4274509 TGATAA
4274607 TGATAG
4276426 AGATAA
4278024 TGATAA
4281412 TGATAG
4282294 TGATAA
4282380 TGATAG
4283216 TGATAA
4284507 TGATAA
4284549 AGATAA
4286706 TGATAA
4293795 TGATAA
4295150 TGATAA
4295480 TGATAA
4295761 AGATAA
4297752 TGATAG
4298448 TGATAG
4299485 AGATAA
4302041 AGATAA
4302336 AGATAA
4303091 TGATAG
4303328 AGATAG
4304040 AGATAA
4304088 AGATAA
4305406 AGATAG
4306519 TGATAA
4306804 TGATAA
4306948 AGATAA
4307583 TGATAA
4308452 AGATAG
4308558 TGATAG
4308562 AGATAA
4308743 TGATAA
4309736 AGATAA
4310548 AGATAG
4310595 TGATAG
4311206 TGATAG
4311464 TGATAA
4312673 AGATAA
4312892 TGATAA
4313175 AGATAG
4313776 TGATAG
4314693 TGATAA
4315231 TGATAA
4315742 AGATAG
4316877 AGATAG
4317262 AGATAA
4317528 TGATAA
4319383 TGATAA
4320341 AGATAG
4320401 TGATAG
4320467 AGATAA
4320524 TGATAA
4323702 TGATAA
4323831 TGATAA
4323931 TGATAA
4324031 TGATAA
4324131 TGATAA
4324231 TGATAA
4324331 TGATAA
4324940 AGATAA
4325034 TGATAA
4325615 AGATAA
4328128 AGATAA
4330669 TGATAA
4331038 TGATAG
4331045 AGATAA
4331677 AGATAG
4332135 TGATAA
4332213 AGATAG
4332255 AGATAA
4333534 AGATAG
4334791 TGATAA
4335494 TGATAA
4338359 TGATAG
4340991 TGATAA
4343809 AGATAG
4345281 AGATAG
4345327 AGATAA
4345881 AGATAG
4346601 TGATAA
4346742 TGATAA
4346943 TGATAA
4347320 AGATAA
4347927 AGATAA
4348540 TGATAG
4348742 TGATAA
4348991 TGATAG
4349132 AGATAA
4349273 TGATAG
4350343 TGATAA
4350590 TGATAG
4352225 AGATAA
4352775 AGATAA
4354330 AGATAG
4357042 TGATAA
4357731 AGATAA
4357918 AGATAA
4357933 AGATAG
4358256 AGATAA
4358443 AGATAA
4358932 TGATAA
4359024 TGATAA
4359183 AGATAA
4359603 AGATAG
4359641 AGATAA
4359990 TGATAA
4361080 TGATAA
4361164 AGATAA
4361855 TGATAA
4362073 AGATAA
4363967 AGATAA
4364078 AGATAA
4364495 AGATAG
4364581 AGATAG
4364636 TGATAA
4367368 AGATAA
4367605 AGATAG
4367862 TGATAA
4367948 AGATAG
4368284 AGATAA
4369042 AGATAA
4371670 AGATAA
4372311 AGATAA
4372597 TGATAA
4375626 AGATAA
4376512 TGATAG
4376815 TGATAA
4377464 TGATAA
4379397 AGATAA
4379550 AGATAA
4381456 AGATAA
4381680 TGATAA
4381889 TGATAG
4383895 TGATAA
4384452 TGATAA
4384623 AGATAA
4384866 TGATAA
4385246 TGATAA
4385321 AGATAA
4386107 AGATAG
4387377 TGATAA
4387611 TGATAA
4388015 AGATAG
4388103 TGATAA
4388543 TGATAG
4390246 TGATAA
4390264 AGATAA
4390839 TGATAG
4390843 AGATAA
4391333 AGATAA
4391422 AGATAA
4391758 TGATAG
4393596 TGATAA
4395604 TGATAA
4397058 TGATAG
4397386 TGATAA
4398118 AGATAA
4401834 AGATAA
4403125 AGATAA
4407392 AGATAA
4408090 AGATAA
4408492 AGATAA
4408508 AGATAA
4411712 TGATAA
4412153 AGATAA
4413070 AGATAA
4415791 TGATAA
4416105 AGATAA
4416705 AGATAA
4417663 TGATAG
4422440 AGATAA
4422883 TGATAA
4423837 TGATAG
4424147 TGATAA
4424797 TGATAA
4425400 AGATAA
4428310 TGATAG
4428541 AGATAG
4430028 AGATAA
4430453 AGATAG
4430963 AGATAA
4431388 TGATAG
4432663 TGATAA
4433095 TGATAA
4433272 AGATAA
4433488 AGATAG
4433901 AGATAG
4435660 TGATAG
4435869 TGATAG
4435917 TGATAA
4436001 AGATAA
4436349 TGATAA
4436550 AGATAG
4436682 AGATAA
4437450 AGATAA
4437601 AGATAA
4441138 TGATAA
4441899 TGATAA
4442493 AGATAG
4444685 TGATAA
4449385 TGATAA
4451606 TGATAA
4452859 AGATAA
4455812 AGATAA
4457703 AGATAA
4458376 TGATAA
4458794 TGATAG
4460198 TGATAG
4461410 TGATAG
4462607 AGATAG
4462692 AGATAA
4462818 TGATAG
4462822 AGATAA
4463071 AGATAG
4463122 TGATAA
4463427 AGATAG
4463517 TGATAG
4463583 AGATAA
4463973 TGATAG
4464727 AGATAA
4466762 TGATAA
4467884 TGATAA
4468469 TGATAA
4468525 TGATAG
4470129 TGATAA
4471475 TGATAG
4471741 TGATAA
4472786 TGATAA
4473171 TGATAA
4474409 AGATAA
4474442 TGATAA
4474654 AGATAA
4474862 TGATAA
4475012 TGATAA
4475036 TGATAA
4475042 TGATAA
4475081 AGATAA
4475361 TGATAG
4475646 AGATAA
4476104 AGATAA
4476317 TGATAA
4477183 AGATAG
4477666 TGATAA
4478519 TGATAG
4478587 TGATAA
4478888 AGATAA
4478950 AGATAA
4481210 AGATAA
4481310 AGATAG
4481663 TGATAG
4483264 AGATAG
4484015 AGATAG
4484241 TGATAA
4486534 TGATAA
4487397 TGATAA
4487425 TGATAA
4488179 TGATAA
4488563 TGATAA
4488878 TGATAA
4489440 TGATAA
4490007 TGATAA
4490049 AGATAG
4491504 TGATAA
4492286 TGATAA
4492773 AGATAA
4493523 TGATAA
4494957 TGATAA
4495071 AGATAA
4495344 AGATAG
4495583 AGATAA
4496250 TGATAG
4497030 TGATAA
4497498 TGATAA
4498785 TGATAA
4499476 AGATAA
4500064 AGATAA
4501965 TGATAA
4502301 TGATAA
4502670 AGATAA
4502811 AGATAA
4502904 TGATAA
4503377 TGATAA
4504522 TGATAA
4505116 AGATAA
4506860 AGATAA
4508122 TGATAA
4508974 AGATAG
4509970 AGATAA
4510377 TGATAA
4511904 TGATAG
4513102 TGATAG
4518238 TGATAG
4518273 TGATAG
4520687 AGATAA
4520805 TGATAG
4521056 TGATAA
4521475 AGATAA
4522008 TGATAA
4522902 AGATAA
4523122 AGATAG
4523488 AGATAG
4523492 AGATAG
4524171 TGATAA
4524230 TGATAG
4524388 AGATAA
4525842 AGATAA
4526737 AGATAG
4527251 AGATAA
4527686 AGATAG
4528082 TGATAG
4528193 AGATAA
4528217 TGATAG
4529057 AGATAA
4529088 TGATAG
4530066 AGATAA
4530121 AGATAA
4531895 TGATAA
4532151 TGATAA
4532490 TGATAA
4533372 TGATAG
4533417 AGATAG
4533510 AGATAA
4533786 TGATAA
4533951 AGATAA
4534877 TGATAA
4535381 TGATAA
4535646 TGATAG
4536757 TGATAG
4538535 TGATAA
4538701 AGATAA
4538754 TGATAA
4538993 TGATAA
4539582 AGATAG
4539943 TGATAG
4540666 TGATAA
4540934 AGATAA
4541893 TGATAA
4541956 AGATAG
4542299 AGATAA
4542307 TGATAA
4545415 TGATAA
4545430 AGATAA
4546042 AGATAG
4547812 AGATAA
4548214 TGATAA
4548952 TGATAA
4549000 TGATAA
4549120 TGATAG
4550572 AGATAA
4551711 AGATAA
4552819 TGATAA
4554209 AGATAG
4554386 AGATAA
4555313 AGATAA
4555951 TGATAA
4557019 TGATAA
4557136 TGATAA
4557221 AGATAG
4559292 AGATAA
4559560 TGATAA
4559794 TGATAA
4559839 AGATAG
4559930 TGATAA
4561397 TGATAG
4563319 TGATAA
4563897 AGATAA
4564373 AGATAG
4564403 AGATAG
4565689 AGATAA
4566004 AGATAA
4566115 TGATAA
4566369 AGATAG
4567346 TGATAA
4567645 AGATAA
4568122 AGATAA
4568479 TGATAG
4568512 TGATAG
4568608 TGATAA
4569583 TGATAA
4570252 TGATAA
4571047 TGATAA
4571295 TGATAG
4572096 TGATAA
4573434 AGATAA
4574502 AGATAA
4575139 TGATAA
4575376 TGATAA
4575482 TGATAA
4575523 AGATAG
4575602 TGATAG
4578791 AGATAG
4579378 AGATAA
4580997 TGATAG
4582628 AGATAA
4582784 AGATAA
4583438 TGATAA
4584353 TGATAG
4585594 TGATAA
4586523 AGATAA
4587111 TGATAA
4587474 AGATAA
4588451 AGATAG
4588596 AGATAG
4588881 AGATAA
4590710 AGATAA
4591304 AGATAG
4592047 AGATAA
4592578 AGATAA
4592912 TGATAA
4593140 TGATAG
4595032 TGATAA
4596112 AGATAG
4596338 TGATAA
4596437 AGATAA
4596697 TGATAA
4597859 AGATAG
4599316 TGATAG
4599576 AGATAA
4600730 AGATAG
4600918 AGATAA
4601017 TGATAA
4601114 AGATAA
4602016 AGATAG
4603136 AGATAA
4603706 TGATAA
4603771 TGATAA
4604037 TGATAA
4604094 AGATAA
4604685 AGATAA
4608314 AGATAA
4612869 TGATAA
4613154 TGATAG
4614213 TGATAG
4614517 AGATAA
4616496 TGATAA
4616739 TGATAA
4617753 TGATAA
4618503 TGATAA
4621643 AGATAG
4621839 AGATAG
4622387 AGATAG
4626564 AGATAA
4627053 AGATAA
4628324 AGATAA
4628571 TGATAA
4629939 TGATAA
4631120 TGATAA
4631224 TGATAA
4631304 TGATAG
4632848 TGATAA
4633524 AGATAA
4633577 TGATAA
4636510 AGATAG
4639128 TGATAA
0:00:00.113280
0:01:37.143039
0:01:37.143069
